[0.013s] Invoking command in '/home/sunny/ros2_ws/build/cpp_parsing': CMAKE_PREFIX_PATH=/home/sunny/ros2_ws/install/custom_interfaces:/home/sunny/ros2_ws/install/cpp_srvcli:/home/sunny/ros2_ws/install/cpp_pubsub:/home/sunny/ros2_ws/install/tutorial_interfaces:/home/sunny/ros2_ws/install/turtlesim:/home/sunny/ros2_ws/install/polygon_plugins:/home/sunny/ros2_ws/install/polygon_base:/home/sunny/ros2_ws/install/my_package:/home/sunny/ros2_ws/install/more_interfaces:/home/sunny/ros2_ws/install/cpp_parsing:/home/sunny/ros2_ws/install/cpp_proj:/home/sunny/ros2_ws/install/cpp_parameters:/home/sunny/ros2_ws/install/py_proj:/opt/ros/humble LD_LIBRARY_PATH=/home/sunny/ros2_ws/install/custom_interfaces/lib:/home/sunny/ros2_ws/install/tutorial_interfaces/lib:/home/sunny/ros2_ws/install/turtlesim/lib:/home/sunny/ros2_ws/install/polygon_plugins/lib:/home/sunny/ros2_ws/install/more_interfaces/lib:/opt/ros/humble/opt/rviz_ogre_vendor/lib:/opt/ros/humble/lib/x86_64-linux-gnu:/opt/ros/humble/lib /usr/bin/cmake --build /home/sunny/ros2_ws/build/cpp_parsing -- -j12 -l12
[0.057s] [35m[1mConsolidate compiler generated dependencies of target reader[0m
[0.068s] [ 50%] Built target parser
[0.112s] [ 75%] [32mBuilding CXX object CMakeFiles/reader.dir/src/nmea_reader.cpp.o[0m
[3.493s] [01m[K/home/sunny/ros2_ws/src/cpp_parsing/src/nmea_reader.cpp:[m[K In member function â€˜[01m[Kvoid NmeaReader::start_reading()[m[Kâ€™:
[3.493s] [01m[K/home/sunny/ros2_ws/src/cpp_parsing/src/nmea_reader.cpp:34:103:[m[K [01;31m[Kerror: [m[Kreference to â€˜[01m[Kplaceholders[m[Kâ€™ is ambiguous
[3.494s]    34 | mic_buffer(raw_data), "\n", bind(&NmeaReader::handle_read, this, [01;31m[Kplaceholders[m[K::error, placeholders::bytes_transferred));
[3.495s]       |                                                                  [01;31m[K^~~~~~~~~~~~[m[K
[3.496s] 
[3.496s] In file included from [01m[K/usr/include/boost/asio.hpp:135[m[K,
[3.497s]                  from [01m[K/home/sunny/ros2_ws/src/cpp_parsing/src/nmea_reader.cpp:5[m[K:
[3.497s] [01m[K/usr/include/boost/asio/placeholders.hpp:28:11:[m[K [01;36m[Knote: [m[Kcandidates are: â€˜[01m[Knamespace boost::asio::placeholders { }[m[Kâ€™
[3.498s]    28 | namespace [01;36m[Kplaceholders[m[K {
[3.498s]       |           [01;36m[K^~~~~~~~~~~~[m[K
[3.498s] In file included from [01m[K/usr/include/boost/system/error_code.hpp:19[m[K,
[3.498s]                  from [01m[K/usr/include/boost/asio/detail/throw_error.hpp:19[m[K,
[3.498s]                  from [01m[K/usr/include/boost/asio/detail/impl/posix_event.ipp:23[m[K,
[3.498s]                  from [01m[K/usr/include/boost/asio/detail/posix_event.hpp:172[m[K,
[3.498s]                  from [01m[K/usr/include/boost/asio/detail/event.hpp:25[m[K,
[3.498s]                  from [01m[K/usr/include/boost/asio/execution/blocking_adaptation.hpp:19[m[K,
[3.499s]                  from [01m[K/usr/include/boost/asio/execution.hpp:22[m[K,
[3.499s]                  from [01m[K/usr/include/boost/asio/system_executor.hpp:20[m[K,
[3.500s]                  from [01m[K/usr/include/boost/asio/associated_executor.hpp:22[m[K,
[3.500s]                  from [01m[K/usr/include/boost/asio.hpp:21[m[K,
[3.501s]                  from [01m[K/home/sunny/ros2_ws/src/cpp_parsing/src/nmea_reader.cpp:5[m[K:
[3.501s] [01m[K/usr/include/c++/11/functional:219:13:[m[K [01;36m[Knote: [m[K                â€˜[01m[Knamespace std::placeholders { }[m[Kâ€™
[3.502s]   219 |   namespace [01;36m[Kplaceholders[m[K
[3.502s]       |             [01;36m[K^~~~~~~~~~~~[m[K
[3.503s] [01m[K/home/sunny/ros2_ws/src/cpp_parsing/src/nmea_reader.cpp:34:124:[m[K [01;31m[Kerror: [m[Kreference to â€˜[01m[Kplaceholders[m[Kâ€™ is ambiguous
[3.503s]    34 |  "\n", bind(&NmeaReader::handle_read, this, placeholders::error, [01;31m[Kplaceholders[m[K::bytes_transferred));
[3.504s]       |                                                                  [01;31m[K^~~~~~~~~~~~[m[K
[3.504s] 
[3.505s] In file included from [01m[K/usr/include/boost/asio.hpp:135[m[K,
[3.505s]                  from [01m[K/home/sunny/ros2_ws/src/cpp_parsing/src/nmea_reader.cpp:5[m[K:
[3.506s] [01m[K/usr/include/boost/asio/placeholders.hpp:28:11:[m[K [01;36m[Knote: [m[Kcandidates are: â€˜[01m[Knamespace boost::asio::placeholders { }[m[Kâ€™
[3.506s]    28 | namespace [01;36m[Kplaceholders[m[K {
[3.507s]       |           [01;36m[K^~~~~~~~~~~~[m[K
[3.507s] In file included from [01m[K/usr/include/boost/system/error_code.hpp:19[m[K,
[3.508s]                  from [01m[K/usr/include/boost/asio/detail/throw_error.hpp:19[m[K,
[3.508s]                  from [01m[K/usr/include/boost/asio/detail/impl/posix_event.ipp:23[m[K,
[3.509s]                  from [01m[K/usr/include/boost/asio/detail/posix_event.hpp:172[m[K,
[3.509s]                  from [01m[K/usr/include/boost/asio/detail/event.hpp:25[m[K,
[3.509s]                  from [01m[K/usr/include/boost/asio/execution/blocking_adaptation.hpp:19[m[K,
[3.509s]                  from [01m[K/usr/include/boost/asio/execution.hpp:22[m[K,
[3.509s]                  from [01m[K/usr/include/boost/asio/system_executor.hpp:20[m[K,
[3.509s]                  from [01m[K/usr/include/boost/asio/associated_executor.hpp:22[m[K,
[3.509s]                  from [01m[K/usr/include/boost/asio.hpp:21[m[K,
[3.509s]                  from [01m[K/home/sunny/ros2_ws/src/cpp_parsing/src/nmea_reader.cpp:5[m[K:
[3.509s] [01m[K/usr/include/c++/11/functional:219:13:[m[K [01;36m[Knote: [m[K                â€˜[01m[Knamespace std::placeholders { }[m[Kâ€™
[3.510s]   219 |   namespace [01;36m[Kplaceholders[m[K
[3.511s]       |             [01;36m[K^~~~~~~~~~~~[m[K
[5.073s] gmake[2]: *** [CMakeFiles/reader.dir/build.make:76: CMakeFiles/reader.dir/src/nmea_reader.cpp.o] Error 1
[5.073s] gmake[1]: *** [CMakeFiles/Makefile2:139: CMakeFiles/reader.dir/all] Error 2
[5.074s] gmake: *** [Makefile:146: all] Error 2
[5.076s] Invoked command in '/home/sunny/ros2_ws/build/cpp_parsing' returned '2': CMAKE_PREFIX_PATH=/home/sunny/ros2_ws/install/custom_interfaces:/home/sunny/ros2_ws/install/cpp_srvcli:/home/sunny/ros2_ws/install/cpp_pubsub:/home/sunny/ros2_ws/install/tutorial_interfaces:/home/sunny/ros2_ws/install/turtlesim:/home/sunny/ros2_ws/install/polygon_plugins:/home/sunny/ros2_ws/install/polygon_base:/home/sunny/ros2_ws/install/my_package:/home/sunny/ros2_ws/install/more_interfaces:/home/sunny/ros2_ws/install/cpp_parsing:/home/sunny/ros2_ws/install/cpp_proj:/home/sunny/ros2_ws/install/cpp_parameters:/home/sunny/ros2_ws/install/py_proj:/opt/ros/humble LD_LIBRARY_PATH=/home/sunny/ros2_ws/install/custom_interfaces/lib:/home/sunny/ros2_ws/install/tutorial_interfaces/lib:/home/sunny/ros2_ws/install/turtlesim/lib:/home/sunny/ros2_ws/install/polygon_plugins/lib:/home/sunny/ros2_ws/install/more_interfaces/lib:/opt/ros/humble/opt/rviz_ogre_vendor/lib:/opt/ros/humble/lib/x86_64-linux-gnu:/opt/ros/humble/lib /usr/bin/cmake --build /home/sunny/ros2_ws/build/cpp_parsing -- -j12 -l12
