[0.013s] Invoking command in '/home/sunny/ros2_ws/build/cpp_parsing': CMAKE_PREFIX_PATH=/home/sunny/ros2_ws/install/custom_interfaces:/home/sunny/ros2_ws/install/cpp_srvcli:/home/sunny/ros2_ws/install/cpp_pubsub:/home/sunny/ros2_ws/install/tutorial_interfaces:/home/sunny/ros2_ws/install/turtlesim:/home/sunny/ros2_ws/install/polygon_plugins:/home/sunny/ros2_ws/install/polygon_base:/home/sunny/ros2_ws/install/my_package:/home/sunny/ros2_ws/install/more_interfaces:/home/sunny/ros2_ws/install/cpp_parsing:/home/sunny/ros2_ws/install/cpp_proj:/home/sunny/ros2_ws/install/cpp_parameters:/home/sunny/ros2_ws/install/py_proj:/opt/ros/humble LD_LIBRARY_PATH=/home/sunny/ros2_ws/install/custom_interfaces/lib:/home/sunny/ros2_ws/install/tutorial_interfaces/lib:/home/sunny/ros2_ws/install/turtlesim/lib:/home/sunny/ros2_ws/install/polygon_plugins/lib:/home/sunny/ros2_ws/install/more_interfaces/lib:/opt/ros/humble/opt/rviz_ogre_vendor/lib:/opt/ros/humble/lib/x86_64-linux-gnu:/opt/ros/humble/lib /usr/bin/cmake --build /home/sunny/ros2_ws/build/cpp_parsing -- -j12 -l12
[0.038s] -- Found ament_cmake: 1.3.9 (/opt/ros/humble/share/ament_cmake/cmake)
[0.172s] -- Found rclcpp: 16.0.9 (/opt/ros/humble/share/rclcpp/cmake)
[0.206s] -- Found rosidl_generator_c: 3.1.5 (/opt/ros/humble/share/rosidl_generator_c/cmake)
[0.209s] -- Found rosidl_adapter: 3.1.5 (/opt/ros/humble/share/rosidl_adapter/cmake)
[0.213s] -- Found rosidl_generator_cpp: 3.1.5 (/opt/ros/humble/share/rosidl_generator_cpp/cmake)
[0.222s] -- Using all available rosidl_typesupport_c: rosidl_typesupport_fastrtps_c;rosidl_typesupport_introspection_c
[0.234s] -- Using all available rosidl_typesupport_cpp: rosidl_typesupport_fastrtps_cpp;rosidl_typesupport_introspection_cpp
[0.315s] -- Found rmw_implementation_cmake: 6.1.2 (/opt/ros/humble/share/rmw_implementation_cmake/cmake)
[0.316s] -- Found rmw_fastrtps_cpp: 6.2.6 (/opt/ros/humble/share/rmw_fastrtps_cpp/cmake)
[0.431s] -- Using RMW implementation 'rmw_fastrtps_cpp' as default
[0.550s] -- Found custom_interfaces: 0.0.0 (/home/sunny/ros2_ws/install/custom_interfaces/share/custom_interfaces/cmake)
[0.628s] -- Configuring done
[0.640s] -- Generating done
[0.641s] -- Build files have been written to: /home/sunny/ros2_ws/build/cpp_parsing
[0.667s] [35m[1mConsolidate compiler generated dependencies of target parser[0m
[0.667s] [35m[1mConsolidate compiler generated dependencies of target reader[0m
[0.686s] [ 25%] [32mBuilding CXX object CMakeFiles/reader.dir/src/nmea_reader.cpp.o[0m
[0.688s] [ 75%] Built target parser
[3.514s] [01m[K/home/sunny/ros2_ws/src/cpp_parsing/src/nmea_reader.cpp:[m[K In constructor â€˜[01m[KNmeaReader::NmeaReader()[m[Kâ€™:
[3.514s] [01m[K/home/sunny/ros2_ws/src/cpp_parsing/src/nmea_reader.cpp:16:62:[m[K [01;31m[Kerror: [m[Kclass â€˜[01m[KNmeaReader[m[Kâ€™ does not have any field named â€˜[01m[Kbarte[m[Kâ€™
[3.514s]    16 |     NmeaReader(): Node("nmea_reader"), port("/dev/ttyACM0"), [01;31m[Kbarte[m[K(115200)
[3.514s]       |                                                              [01;31m[K^~~~~[m[K
[3.515s] [01m[K/home/sunny/ros2_ws/src/cpp_parsing/src/nmea_reader.cpp:18:28:[m[K [01;31m[Kerror: [m[Kcannot convert â€˜[01m[Kstd::string[m[Kâ€™ {aka â€˜[01m[Kstd::__cxx11::basic_string<char>[m[Kâ€™} to â€˜[01m[Kconst QString&[m[Kâ€™
[3.515s]    18 |         serial.setPortName([01;31m[Kport[m[K);
[3.515s]       |                            [01;31m[K^~~~[m[K
[3.515s]       |                            [01;31m[K|[m[K
[3.515s]       |                            [01;31m[Kstd::string {aka std::__cxx11::basic_string<char>}[m[K
[3.515s] In file included from [01m[K/usr/include/x86_64-linux-gnu/qt5/QtSerialPort/QSerialPort:1[m[K,
[3.515s]                  from [01m[K/home/sunny/ros2_ws/src/cpp_parsing/src/nmea_reader.cpp:5[m[K:
[3.515s] [01m[K/usr/include/x86_64-linux-gnu/qt5/QtSerialPort/qserialport.h:208:37:[m[K [01;36m[Knote: [m[K  initializing argument 1 of â€˜[01m[Kvoid QSerialPort::setPortName(const QString&)[m[Kâ€™
[3.515s]   208 |     void setPortName([01;36m[Kconst QString &name[m[K);
[3.515s]       |                      [01;36m[K~~~~~~~~~~~~~~~^~~~[m[K
[3.515s] [01m[K/home/sunny/ros2_ws/src/cpp_parsing/src/nmea_reader.cpp:19:28:[m[K [01;31m[Kerror: [m[Kâ€˜[01m[KQserialPort[m[Kâ€™ has not been declared
[3.515s]    19 |         serial.setBaudRate([01;31m[KQserialPort[m[K::barte);
[3.515s]       |                            [01;31m[K^~~~~~~~~~~[m[K
[3.518s] In file included from [01m[K/usr/include/c++/11/pstl/glue_algorithm_defs.h:13[m[K,
[3.518s]                  from [01m[K/usr/include/c++/11/algorithm:74[m[K,
[3.518s]                  from [01m[K/usr/include/x86_64-linux-gnu/qt5/QtCore/qglobal.h:142[m[K,
[3.518s]                  from [01m[K/usr/include/x86_64-linux-gnu/qt5/QtCore/qiodevice.h:43[m[K,
[3.519s]                  from [01m[K/usr/include/x86_64-linux-gnu/qt5/QtSerialPort/qserialport.h:44[m[K,
[3.519s]                  from [01m[K/usr/include/x86_64-linux-gnu/qt5/QtSerialPort/QSerialPort:1[m[K,
[3.519s]                  from [01m[K/home/sunny/ros2_ws/src/cpp_parsing/src/nmea_reader.cpp:5[m[K:
[3.519s] /usr/include/c++/11/functional: In instantiation of â€˜[01m[Kstruct std::_Bind_check_arity<void (NmeaReader::*)(std::__cxx11::basic_string<char>), NmeaReader*>[m[Kâ€™:
[3.519s] [01m[K/usr/include/c++/11/functional:768:12:[m[K   required from â€˜[01m[Kstruct std::_Bind_helper<false, void (NmeaReader::*)(std::__cxx11::basic_string<char>), NmeaReader*>[m[Kâ€™
[3.519s] [01m[K/usr/include/c++/11/functional:789:5:[m[K   required by substitution of â€˜[01m[Ktemplate<class _Func, class ... _BoundArgs> typename std::_Bind_helper<std::__is_socketlike<_Func>::value, _Func, _BoundArgs ...>::type std::bind(_Func&&, _BoundArgs&& ...) [with _Func = void (NmeaReader::*)(std::__cxx11::basic_string<char>); _BoundArgs = {NmeaReader*}][m[Kâ€™
[3.519s] [01m[K/home/sunny/ros2_ws/src/cpp_parsing/src/nmea_reader.cpp:27:53:[m[K   required from here
[3.519s] [01m[K/usr/include/c++/11/functional:756:21:[m[K [01;31m[Kerror: [m[Kstatic assertion failed: Wrong number of arguments for pointer-to-member
[3.519s]   755 |       static_assert(_Varargs::[01;31m[Kvalue[m[K
[3.519s]       |                               [01;31m[K~~~~~[m[K
[3.519s]   756 | [01;31m[K                    ? sizeof...(_BoundArgs) >= _Arity::value + 1[m[K
[3.519s]       |                     [01;31m[K^~~~~~~~~~~~~~~~~~~~~~~~~~~~~~~~~~~~~~~~~~~~[m[K
[3.519s]   757 | [01;31m[K                    : sizeof...(_BoundArgs) == _Arity::value + 1[m[K,
[3.519s]       |                     [01;31m[K~~~~~~~~~~~~~~~~~~~~~~~~~~~~~~~~~~~~~~~~~~~~[m[K
[3.519s] [01m[K/usr/include/c++/11/functional:756:21:[m[K [01;36m[Knote: [m[Kâ€˜[01m[K(false ? (1 >= (((long unsigned int)std::integral_constant<long unsigned int, 1>::value) + 1)) : (1 == (((long unsigned int)std::integral_constant<long unsigned int, 1>::value) + 1)))[m[Kâ€™ evaluates to false
[3.522s] [01m[K/home/sunny/ros2_ws/src/cpp_parsing/src/nmea_reader.cpp:27:41:[m[K [01;31m[Kerror: [m[Kno matching function for call to â€˜[01m[KNmeaReader::create_wall_timer(std::chrono::milliseconds, std::_Bind_helper<false, void (NmeaReader::*)(std::__cxx11::basic_string<char>), NmeaReader*>::type)[m[Kâ€™
[3.522s]    27 |         timer_ = [01;31m[Kthis->create_wall_timer(500ms, bind(&NmeaReader::nmea_data_callback, this))[m[K;
[3.523s]       |                  [01;31m[K~~~~~~~~~~~~~~~~~~~~~~~^~~~~~~~~~~~~~~~~~~~~~~~~~~~~~~~~~~~~~~~~~~~~~~~~~~~[m[K
[3.523s] In file included from [01m[K/opt/ros/humble/include/rclcpp/rclcpp/executors/single_threaded_executor.hpp:28[m[K,
[3.523s]                  from [01m[K/opt/ros/humble/include/rclcpp/rclcpp/executors.hpp:22[m[K,
[3.523s]                  from [01m[K/opt/ros/humble/include/rclcpp/rclcpp/rclcpp.hpp:155[m[K,
[3.523s]                  from [01m[K/home/sunny/ros2_ws/src/cpp_parsing/src/nmea_reader.cpp:9[m[K:
[3.523s] [01m[K/opt/ros/humble/include/rclcpp/rclcpp/node.hpp:238:3:[m[K [01;36m[Knote: [m[Kcandidate: â€˜[01m[Ktemplate<class DurationRepT, class DurationT, class CallbackT> typename rclcpp::WallTimer<CallbackT>::SharedPtr rclcpp::Node::create_wall_timer(std::chrono::duration<_Rep1, _Period1>, CallbackT, rclcpp::CallbackGroup::SharedPtr)[m[Kâ€™
[3.523s]   238 |   [01;36m[Kcreate_wall_timer[m[K(
[3.523s]       |   [01;36m[K^~~~~~~~~~~~~~~~~[m[K
[3.523s] [01m[K/opt/ros/humble/include/rclcpp/rclcpp/node.hpp:238:3:[m[K [01;36m[Knote: [m[K  template argument deduction/substitution failed:
[3.523s] In file included from [01m[K/opt/ros/humble/include/rclcpp/rclcpp/node.hpp:1321[m[K,
[3.523s]                  from [01m[K/opt/ros/humble/include/rclcpp/rclcpp/executors/single_threaded_executor.hpp:28[m[K,
[3.523s]                  from [01m[K/opt/ros/humble/include/rclcpp/rclcpp/executors.hpp:22[m[K,
[3.523s]                  from [01m[K/opt/ros/humble/include/rclcpp/rclcpp/rclcpp.hpp:155[m[K,
[3.523s]                  from [01m[K/home/sunny/ros2_ws/src/cpp_parsing/src/nmea_reader.cpp:9[m[K:
[3.523s] /opt/ros/humble/include/rclcpp/rclcpp/node_impl.hpp: In substitution of â€˜[01m[Ktemplate<class DurationRepT, class DurationT, class CallbackT> typename rclcpp::WallTimer<CallbackT>::SharedPtr rclcpp::Node::create_wall_timer(std::chrono::duration<_Rep1, _Period1>, CallbackT, rclcpp::CallbackGroup::SharedPtr) [with DurationRepT = long int; DurationT = std::ratio<1, 1000>; CallbackT = std::_Bind<void (NmeaReader::*(NmeaReader*))(std::__cxx11::basic_string<char>)>][m[Kâ€™:
[3.524s] [01m[K/home/sunny/ros2_ws/src/cpp_parsing/src/nmea_reader.cpp:27:41:[m[K   required from here
[3.524s] [01m[K/opt/ros/humble/include/rclcpp/rclcpp/node_impl.hpp:110:1:[m[K [01;31m[Kerror: [m[Kno type named â€˜[01m[Ktype[m[Kâ€™ in â€˜[01m[Kstruct std::enable_if<false, void>[m[Kâ€™
[3.524s]   110 | [01;31m[KNode[m[K::create_wall_timer(
[3.524s]       | [01;31m[K^~~~[m[K
[3.524s] [01m[K/opt/ros/humble/include/rclcpp/rclcpp/node_impl.hpp:110:1:[m[K [01;31m[Kerror: [m[Kno type named â€˜[01m[Ktype[m[Kâ€™ in â€˜[01m[Kstruct std::enable_if<false, void>[m[Kâ€™
[3.524s] [01m[K/opt/ros/humble/include/rclcpp/rclcpp/node_impl.hpp:110:1:[m[K [01;36m[Knote: [m[Kinvalid template non-type parameter
[4.969s] gmake[2]: *** [CMakeFiles/reader.dir/build.make:76: CMakeFiles/reader.dir/src/nmea_reader.cpp.o] Error 1
[4.969s] gmake[1]: *** [CMakeFiles/Makefile2:139: CMakeFiles/reader.dir/all] Error 2
[4.969s] gmake: *** [Makefile:146: all] Error 2
[4.971s] Invoked command in '/home/sunny/ros2_ws/build/cpp_parsing' returned '2': CMAKE_PREFIX_PATH=/home/sunny/ros2_ws/install/custom_interfaces:/home/sunny/ros2_ws/install/cpp_srvcli:/home/sunny/ros2_ws/install/cpp_pubsub:/home/sunny/ros2_ws/install/tutorial_interfaces:/home/sunny/ros2_ws/install/turtlesim:/home/sunny/ros2_ws/install/polygon_plugins:/home/sunny/ros2_ws/install/polygon_base:/home/sunny/ros2_ws/install/my_package:/home/sunny/ros2_ws/install/more_interfaces:/home/sunny/ros2_ws/install/cpp_parsing:/home/sunny/ros2_ws/install/cpp_proj:/home/sunny/ros2_ws/install/cpp_parameters:/home/sunny/ros2_ws/install/py_proj:/opt/ros/humble LD_LIBRARY_PATH=/home/sunny/ros2_ws/install/custom_interfaces/lib:/home/sunny/ros2_ws/install/tutorial_interfaces/lib:/home/sunny/ros2_ws/install/turtlesim/lib:/home/sunny/ros2_ws/install/polygon_plugins/lib:/home/sunny/ros2_ws/install/more_interfaces/lib:/opt/ros/humble/opt/rviz_ogre_vendor/lib:/opt/ros/humble/lib/x86_64-linux-gnu:/opt/ros/humble/lib /usr/bin/cmake --build /home/sunny/ros2_ws/build/cpp_parsing -- -j12 -l12
