[35m[1mConsolidate compiler generated dependencies of target parser[0m
[ 50%] Built target reader
[ 75%] [32mBuilding CXX object CMakeFiles/parser.dir/src/utm_parser.cpp.o[0m
[01m[K/home/sunny/ros2_ws/src/cpp_parsing/src/utm_parser.cpp:[m[K In member function â€˜[01m[Kvoid NmeaSubscriber::nmea_data_transformer(const String&)[m[Kâ€™:
[01m[K/home/sunny/ros2_ws/src/cpp_parsing/src/utm_parser.cpp:63:17:[m[K [01;31m[Kerror: [m[Kâ€˜[01m[Kclass UtmParser[m[Kâ€™ has no member named â€˜[01m[Kpublish_utm_data[m[Kâ€™; did you mean â€˜[01m[Kpubish_utm_data[m[Kâ€™?
   63 |         parser_.[01;31m[Kpublish_utm_data[m[K(utm_data);
      |                 [01;31m[K^~~~~~~~~~~~~~~~[m[K
      |                 [32m[Kpubish_utm_data[m[K
gmake[2]: *** [CMakeFiles/parser.dir/build.make:76: CMakeFiles/parser.dir/src/utm_parser.cpp.o] Error 1
gmake[1]: *** [CMakeFiles/Makefile2:165: CMakeFiles/parser.dir/all] Error 2
gmake: *** [Makefile:146: all] Error 2
