[0.008s] Invoking command in '/home/sunny/ros2_ws/build/cpp_proj': CMAKE_PREFIX_PATH=/opt/ros/humble /usr/bin/cmake --build /home/sunny/ros2_ws/build/cpp_proj -- -j8 -l8
[0.045s] [35m[1mConsolidate compiler generated dependencies of target transpose[0m
[0.056s] [ 50%] [32mBuilding CXX object CMakeFiles/transpose.dir/src/proj_coordinate.cpp.o[0m
[0.289s] [01m[K/home/sunny/ros2_ws/src/cpp_proj/src/proj_coordinate.cpp:[m[K In function â€˜[01m[Kint main()[m[Kâ€™:
[0.290s] [01m[K/home/sunny/ros2_ws/src/cpp_proj/src/proj_coordinate.cpp:14:18:[m[K [01;31m[Kerror: [m[Kvariable â€˜[01m[Kstd::ifstream file[m[Kâ€™ has initializer but incomplete type
[0.290s]    14 |     ifstream file[01;31m[K([m[K"/home/sunny/ros2_ws/src/cpp_proj/src/TalkFile_nmea.txt");
[0.290s]       |                  [01;31m[K^[m[K
[0.292s] [01m[K/home/sunny/ros2_ws/src/cpp_proj/src/proj_coordinate.cpp:37:13:[m[K [01;31m[Kerror: [m[Kâ€˜[01m[Kstrtok[m[Kâ€™ was not declared in this scope; did you mean â€˜[01m[Kstrtoq[m[Kâ€™?
[0.292s]    37 |             [01;31m[Kstrtok[m[K(line, ",");
[0.292s]       |             [01;31m[K^~~~~~[m[K
[0.292s]       |             [32m[Kstrtoq[m[K
[0.292s] [01m[K/home/sunny/ros2_ws/src/cpp_proj/src/proj_coordinate.cpp:18:11:[m[K [01;35m[Kwarning: [m[Kunused variable â€˜[01m[Kutc[m[Kâ€™ [[01;35m[K]8;;https://gcc.gnu.org/onlinedocs/gcc/Warning-Options.html#index-Wunused-variable-Wunused-variable]8;;[m[K]
[0.292s]    18 |     float [01;35m[Kutc[m[K;
[0.292s]       |           [01;35m[K^~~[m[K
[0.292s] [01m[K/home/sunny/ros2_ws/src/cpp_proj/src/proj_coordinate.cpp:19:11:[m[K [01;35m[Kwarning: [m[Kunused variable â€˜[01m[Klat[m[Kâ€™ [[01;35m[K]8;;https://gcc.gnu.org/onlinedocs/gcc/Warning-Options.html#index-Wunused-variable-Wunused-variable]8;;[m[K]
[0.293s]    19 |     float [01;35m[Klat[m[K;
[0.293s]       |           [01;35m[K^~~[m[K
[0.293s] [01m[K/home/sunny/ros2_ws/src/cpp_proj/src/proj_coordinate.cpp:21:11:[m[K [01;35m[Kwarning: [m[Kunused variable â€˜[01m[Klon[m[Kâ€™ [[01;35m[K]8;;https://gcc.gnu.org/onlinedocs/gcc/Warning-Options.html#index-Wunused-variable-Wunused-variable]8;;[m[K]
[0.293s]    21 |     float [01;35m[Klon[m[K;
[0.293s]       |           [01;35m[K^~~[m[K
[0.293s] [01m[K/home/sunny/ros2_ws/src/cpp_proj/src/proj_coordinate.cpp:23:9:[m[K [01;35m[Kwarning: [m[Kunused variable â€˜[01m[Kquality[m[Kâ€™ [[01;35m[K]8;;https://gcc.gnu.org/onlinedocs/gcc/Warning-Options.html#index-Wunused-variable-Wunused-variable]8;;[m[K]
[0.293s]    23 |     int [01;35m[Kquality[m[K;
[0.293s]       |         [01;35m[K^~~~~~~[m[K
[0.293s] [01m[K/home/sunny/ros2_ws/src/cpp_proj/src/proj_coordinate.cpp:24:9:[m[K [01;35m[Kwarning: [m[Kunused variable â€˜[01m[Knum_satelite[m[Kâ€™ [[01;35m[K]8;;https://gcc.gnu.org/onlinedocs/gcc/Warning-Options.html#index-Wunused-variable-Wunused-variable]8;;[m[K]
[0.294s]    24 |     int [01;35m[Knum_satelite[m[K;
[0.294s]       |         [01;35m[K^~~~~~~~~~~~[m[K
[0.294s] [01m[K/home/sunny/ros2_ws/src/cpp_proj/src/proj_coordinate.cpp:25:11:[m[K [01;35m[Kwarning: [m[Kunused variable â€˜[01m[KHDOP[m[Kâ€™ [[01;35m[K]8;;https://gcc.gnu.org/onlinedocs/gcc/Warning-Options.html#index-Wunused-variable-Wunused-variable]8;;[m[K]
[0.294s]    25 |     float [01;35m[KHDOP[m[K;
[0.294s]       |           [01;35m[K^~~~[m[K
[0.294s] [01m[K/home/sunny/ros2_ws/src/cpp_proj/src/proj_coordinate.cpp:26:11:[m[K [01;35m[Kwarning: [m[Kunused variable â€˜[01m[Kalt[m[Kâ€™ [[01;35m[K]8;;https://gcc.gnu.org/onlinedocs/gcc/Warning-Options.html#index-Wunused-variable-Wunused-variable]8;;[m[K]
[0.294s]    26 |     float [01;35m[Kalt[m[K;
[0.294s]       |           [01;35m[K^~~[m[K
[0.294s] [01m[K/home/sunny/ros2_ws/src/cpp_proj/src/proj_coordinate.cpp:28:11:[m[K [01;35m[Kwarning: [m[Kunused variable â€˜[01m[Ksep[m[Kâ€™ [[01;35m[K]8;;https://gcc.gnu.org/onlinedocs/gcc/Warning-Options.html#index-Wunused-variable-Wunused-variable]8;;[m[K]
[0.295s]    28 |     float [01;35m[Ksep[m[K;
[0.295s]       |           [01;35m[K^~~[m[K
[0.295s] [01m[K/home/sunny/ros2_ws/src/cpp_proj/src/proj_coordinate.cpp:30:11:[m[K [01;35m[Kwarning: [m[Kunused variable â€˜[01m[Kdiff_age[m[Kâ€™ [[01;35m[K]8;;https://gcc.gnu.org/onlinedocs/gcc/Warning-Options.html#index-Wunused-variable-Wunused-variable]8;;[m[K]
[0.295s]    30 |     float [01;35m[Kdiff_age[m[K;
[0.295s]       |           [01;35m[K^~~~~~~~[m[K
[0.320s] gmake[2]: *** [CMakeFiles/transpose.dir/build.make:76: CMakeFiles/transpose.dir/src/proj_coordinate.cpp.o] Error 1
[0.321s] gmake[1]: *** [CMakeFiles/Makefile2:137: CMakeFiles/transpose.dir/all] Error 2
[0.321s] gmake: *** [Makefile:146: all] Error 2
[0.323s] Invoked command in '/home/sunny/ros2_ws/build/cpp_proj' returned '2': CMAKE_PREFIX_PATH=/opt/ros/humble /usr/bin/cmake --build /home/sunny/ros2_ws/build/cpp_proj -- -j8 -l8
