[0.010s] Invoking command in '/home/sunny/ros2_ws/build/cpp_proj': CMAKE_PREFIX_PATH=/opt/ros/humble /usr/bin/cmake --build /home/sunny/ros2_ws/build/cpp_proj -- -j8 -l8
[0.050s] [35m[1mConsolidate compiler generated dependencies of target transpose[0m
[0.061s] [ 50%] [32mBuilding CXX object CMakeFiles/transpose.dir/src/proj_coordinate.cpp.o[0m
[0.148s] [01m[K/home/sunny/ros2_ws/src/cpp_proj/src/proj_coordinate.cpp:8:10:[m[K [01;31m[Kfatal error: [m[Kproj: No such file or directory
[0.148s]     8 | #include [01;31m[K<proj>[m[K
[0.148s]       |          [01;31m[K^~~~~~[m[K
[0.148s] compilation terminated.
[0.149s] gmake[2]: *** [CMakeFiles/transpose.dir/build.make:76: CMakeFiles/transpose.dir/src/proj_coordinate.cpp.o] Error 1
[0.149s] gmake[1]: *** [CMakeFiles/Makefile2:137: CMakeFiles/transpose.dir/all] Error 2
[0.150s] gmake: *** [Makefile:146: all] Error 2
[0.151s] Invoked command in '/home/sunny/ros2_ws/build/cpp_proj' returned '2': CMAKE_PREFIX_PATH=/opt/ros/humble /usr/bin/cmake --build /home/sunny/ros2_ws/build/cpp_proj -- -j8 -l8
