[0.014s] Invoking command in '/home/sunny/ros2_ws/build/cpp_parsing': AMENT_PREFIX_PATH=/home/sunny/ros2_ws/install/custom_interfaces:${AMENT_PREFIX_PATH} CMAKE_PREFIX_PATH=/home/sunny/ros2_ws/install/custom_interfaces:/opt/ros/humble LD_LIBRARY_PATH=/home/sunny/ros2_ws/install/custom_interfaces/lib:${LD_LIBRARY_PATH} PYTHONPATH=/home/sunny/ros2_ws/install/custom_interfaces/local/lib/python3.10/dist-packages:${PYTHONPATH} /usr/bin/cmake --build /home/sunny/ros2_ws/build/cpp_parsing -- -j12 -l12
[0.055s] [35m[1mConsolidate compiler generated dependencies of target parser[0m
[0.071s] [ 25%] [32mBuilding CXX object CMakeFiles/reader.dir/src/nmea_reader.cpp.o[0m
[0.073s] [ 75%] Built target parser
[2.726s] [01m[K/home/sunny/ros2_ws/src/cpp_parsing/src/nmea_reader.cpp:[m[K In constructor â€˜[01m[KNmeaReader::NmeaReader()[m[Kâ€™:
[2.726s] [01m[K/home/sunny/ros2_ws/src/cpp_parsing/src/nmea_reader.cpp:22:9:[m[K [01;31m[Kerror: [m[Kâ€˜[01m[Kstart_reading[m[Kâ€™ was not declared in this scope; did you mean â€˜[01m[KstartReading[m[Kâ€™?
[2.727s]    22 |         [01;31m[Kstart_reading[m[K();
[2.727s]       |         [01;31m[K^~~~~~~~~~~~~[m[K
[2.727s]       |         [32m[KstartReading[m[K
[2.734s] [01m[K/home/sunny/ros2_ws/src/cpp_parsing/src/nmea_reader.cpp:24:9:[m[K [01;31m[Kerror: [m[Kâ€˜[01m[Kio_thread[m[Kâ€™ was not declared in this scope; did you mean â€˜[01m[Kio_thread_[m[Kâ€™?
[2.734s]    24 |         [01;31m[Kio_thread[m[K = std::thread([this]() {context_.run(); });
[2.734s]       |         [01;31m[K^~~~~~~~~[m[K
[2.734s]       |         [32m[Kio_thread_[m[K
[2.741s] [01m[K/home/sunny/ros2_ws/src/cpp_parsing/src/nmea_reader.cpp:[m[K In member function â€˜[01m[Kvoid NmeaReader::startReading()[m[Kâ€™:
[2.741s] [01m[K/home/sunny/ros2_ws/src/cpp_parsing/src/nmea_reader.cpp:35:26:[m[K [01;31m[Kerror: [m[Kâ€˜[01m[Kserial[m[Kâ€™ was not declared in this scope; did you mean â€˜[01m[Kserial_[m[Kâ€™?
[2.741s]    35 |         async_read_until([01;31m[Kserial[m[K, buffer, "\n",
[2.741s]       |                          [01;31m[K^~~~~~[m[K
[2.742s]       |                          [32m[Kserial_[m[K
[2.742s] [01m[K/home/sunny/ros2_ws/src/cpp_parsing/src/nmea_reader.cpp:36:43:[m[K [01;31m[Kerror: [m[Kâ€˜[01m[Khandle_read[m[Kâ€™ is not a member of â€˜[01m[KNmeaReader[m[Kâ€™
[2.742s]    36 |                         bind(&NmeaReader::[01;31m[Khandle_read[m[K, this,
[2.742s]       |                                           [01;31m[K^~~~~~~~~~~[m[K
[4.049s] gmake[2]: *** [CMakeFiles/reader.dir/build.make:76: CMakeFiles/reader.dir/src/nmea_reader.cpp.o] Error 1
[4.049s] gmake[1]: *** [CMakeFiles/Makefile2:139: CMakeFiles/reader.dir/all] Error 2
[4.050s] gmake: *** [Makefile:146: all] Error 2
[4.053s] Invoked command in '/home/sunny/ros2_ws/build/cpp_parsing' returned '2': AMENT_PREFIX_PATH=/home/sunny/ros2_ws/install/custom_interfaces:${AMENT_PREFIX_PATH} CMAKE_PREFIX_PATH=/home/sunny/ros2_ws/install/custom_interfaces:/opt/ros/humble LD_LIBRARY_PATH=/home/sunny/ros2_ws/install/custom_interfaces/lib:${LD_LIBRARY_PATH} PYTHONPATH=/home/sunny/ros2_ws/install/custom_interfaces/local/lib/python3.10/dist-packages:${PYTHONPATH} /usr/bin/cmake --build /home/sunny/ros2_ws/build/cpp_parsing -- -j12 -l12
