[0.010s] Invoking command in '/home/sunny/ros2_ws/build/cpp_proj': CMAKE_PREFIX_PATH=/opt/ros/humble /usr/bin/cmake --build /home/sunny/ros2_ws/build/cpp_proj -- -j8 -l8
[0.049s] [35m[1mConsolidate compiler generated dependencies of target transpose[0m
[0.062s] [ 50%] [32mBuilding CXX object CMakeFiles/transpose.dir/src/proj_coordinate.cpp.o[0m
[0.360s] [01m[K/home/sunny/ros2_ws/src/cpp_proj/src/proj_coordinate.cpp:[m[K In function â€˜[01m[Kint main()[m[Kâ€™:
[0.360s] [01m[K/home/sunny/ros2_ws/src/cpp_proj/src/proj_coordinate.cpp:67:31:[m[K [01;35m[Kwarning: [m[Kcomparison of integer expressions of different signedness: â€˜[01m[Kint[m[Kâ€™ and â€˜[01m[Kstd::vector<std::__cxx11::basic_string<char> >::size_type[m[Kâ€™ {aka â€˜[01m[Klong unsigned int[m[Kâ€™} [[01;35m[K]8;;https://gcc.gnu.org/onlinedocs/gcc/Warning-Options.html#index-Wsign-compare-Wsign-compare]8;;[m[K]
[0.361s]    67 |             for (int i = 0; [01;35m[Ki < result.size()[m[K; i++) {
[0.361s]       |                             [01;35m[K~~^~~~~~~~~~~~~~~[m[K
[0.361s] [01m[K/home/sunny/ros2_ws/src/cpp_proj/src/proj_coordinate.cpp:43:11:[m[K [01;35m[Kwarning: [m[Kunused variable â€˜[01m[Kutc[m[Kâ€™ [[01;35m[K]8;;https://gcc.gnu.org/onlinedocs/gcc/Warning-Options.html#index-Wunused-variable-Wunused-variable]8;;[m[K]
[0.361s]    43 |     float [01;35m[Kutc[m[K;
[0.361s]       |           [01;35m[K^~~[m[K
[0.361s] [01m[K/home/sunny/ros2_ws/src/cpp_proj/src/proj_coordinate.cpp:44:11:[m[K [01;35m[Kwarning: [m[Kunused variable â€˜[01m[Klat[m[Kâ€™ [[01;35m[K]8;;https://gcc.gnu.org/onlinedocs/gcc/Warning-Options.html#index-Wunused-variable-Wunused-variable]8;;[m[K]
[0.361s]    44 |     float [01;35m[Klat[m[K;
[0.362s]       |           [01;35m[K^~~[m[K
[0.362s] [01m[K/home/sunny/ros2_ws/src/cpp_proj/src/proj_coordinate.cpp:46:11:[m[K [01;35m[Kwarning: [m[Kunused variable â€˜[01m[Klon[m[Kâ€™ [[01;35m[K]8;;https://gcc.gnu.org/onlinedocs/gcc/Warning-Options.html#index-Wunused-variable-Wunused-variable]8;;[m[K]
[0.362s]    46 |     float [01;35m[Klon[m[K;
[0.362s]       |           [01;35m[K^~~[m[K
[0.362s] [01m[K/home/sunny/ros2_ws/src/cpp_proj/src/proj_coordinate.cpp:48:9:[m[K [01;35m[Kwarning: [m[Kunused variable â€˜[01m[Kquality[m[Kâ€™ [[01;35m[K]8;;https://gcc.gnu.org/onlinedocs/gcc/Warning-Options.html#index-Wunused-variable-Wunused-variable]8;;[m[K]
[0.362s]    48 |     int [01;35m[Kquality[m[K;
[0.362s]       |         [01;35m[K^~~~~~~[m[K
[0.362s] [01m[K/home/sunny/ros2_ws/src/cpp_proj/src/proj_coordinate.cpp:49:9:[m[K [01;35m[Kwarning: [m[Kunused variable â€˜[01m[Knum_satelite[m[Kâ€™ [[01;35m[K]8;;https://gcc.gnu.org/onlinedocs/gcc/Warning-Options.html#index-Wunused-variable-Wunused-variable]8;;[m[K]
[0.363s]    49 |     int [01;35m[Knum_satelite[m[K;
[0.363s]       |         [01;35m[K^~~~~~~~~~~~[m[K
[0.363s] [01m[K/home/sunny/ros2_ws/src/cpp_proj/src/proj_coordinate.cpp:50:11:[m[K [01;35m[Kwarning: [m[Kunused variable â€˜[01m[KHDOP[m[Kâ€™ [[01;35m[K]8;;https://gcc.gnu.org/onlinedocs/gcc/Warning-Options.html#index-Wunused-variable-Wunused-variable]8;;[m[K]
[0.363s]    50 |     float [01;35m[KHDOP[m[K;
[0.363s]       |           [01;35m[K^~~~[m[K
[0.363s] [01m[K/home/sunny/ros2_ws/src/cpp_proj/src/proj_coordinate.cpp:51:11:[m[K [01;35m[Kwarning: [m[Kunused variable â€˜[01m[Kalt[m[Kâ€™ [[01;35m[K]8;;https://gcc.gnu.org/onlinedocs/gcc/Warning-Options.html#index-Wunused-variable-Wunused-variable]8;;[m[K]
[0.363s]    51 |     float [01;35m[Kalt[m[K;
[0.363s]       |           [01;35m[K^~~[m[K
[0.364s] [01m[K/home/sunny/ros2_ws/src/cpp_proj/src/proj_coordinate.cpp:53:11:[m[K [01;35m[Kwarning: [m[Kunused variable â€˜[01m[Ksep[m[Kâ€™ [[01;35m[K]8;;https://gcc.gnu.org/onlinedocs/gcc/Warning-Options.html#index-Wunused-variable-Wunused-variable]8;;[m[K]
[0.364s]    53 |     float [01;35m[Ksep[m[K;
[0.364s]       |           [01;35m[K^~~[m[K
[0.364s] [01m[K/home/sunny/ros2_ws/src/cpp_proj/src/proj_coordinate.cpp:55:11:[m[K [01;35m[Kwarning: [m[Kunused variable â€˜[01m[Kdiff_age[m[Kâ€™ [[01;35m[K]8;;https://gcc.gnu.org/onlinedocs/gcc/Warning-Options.html#index-Wunused-variable-Wunused-variable]8;;[m[K]
[0.364s]    55 |     float [01;35m[Kdiff_age[m[K;
[0.364s]       |           [01;35m[K^~~~~~~~[m[K
[0.364s] [01m[K/home/sunny/ros2_ws/src/cpp_proj/src/proj_coordinate.cpp:58:17:[m[K [01;35m[Kwarning: [m[Kvariable â€˜[01m[KC[m[Kâ€™ set but not used [[01;35m[K]8;;https://gcc.gnu.org/onlinedocs/gcc/Warning-Options.html#index-Wunused-but-set-variable-Wunused-but-set-variable]8;;[m[K]
[0.364s]    58 |     PJ_CONTEXT *[01;35m[KC[m[K;
[0.364s]       |                 [01;35m[K^[m[K
[0.463s] [100%] [32m[1mLinking CXX executable transpose[0m
[0.556s] /usr/bin/ld: CMakeFiles/transpose.dir/src/proj_coordinate.cpp.o: in function `main':
[0.556s] proj_coordinate.cpp:(.text+0x1fd): undefined reference to `proj_context_create'
[0.561s] collect2: error: ld returned 1 exit status
[0.563s] gmake[2]: *** [CMakeFiles/transpose.dir/build.make:159: transpose] Error 1
[0.563s] gmake[1]: *** [CMakeFiles/Makefile2:137: CMakeFiles/transpose.dir/all] Error 2
[0.563s] gmake: *** [Makefile:146: all] Error 2
[0.565s] Invoked command in '/home/sunny/ros2_ws/build/cpp_proj' returned '2': CMAKE_PREFIX_PATH=/opt/ros/humble /usr/bin/cmake --build /home/sunny/ros2_ws/build/cpp_proj -- -j8 -l8
