[01m[K/home/sunny/ros2_ws/src/cpp_proj/src/proj_coordinate.cpp:[m[K In function â€˜[01m[Kint main(int, char**)[m[Kâ€™:
[01m[K/home/sunny/ros2_ws/src/cpp_proj/src/proj_coordinate.cpp:17:9:[m[K [01;31m[Kerror: [m[Kâ€˜[01m[Kstring[m[Kâ€™ was not declared in this scope
   17 |         [01;31m[Kstring[m[K line;
      |         [01;31m[K^~~~~~[m[K
[01m[K/home/sunny/ros2_ws/src/cpp_proj/src/proj_coordinate.cpp:17:9:[m[K [01;36m[Knote: [m[Ksuggested alternatives:
In file included from [01m[K/usr/include/c++/11/iosfwd:39[m[K,
                 from [01m[K/usr/include/c++/11/ios:38[m[K,
                 from [01m[K/usr/include/c++/11/istream:38[m[K,
                 from [01m[K/usr/include/c++/11/fstream:38[m[K,
                 from [01m[K/home/sunny/ros2_ws/src/cpp_proj/src/proj_coordinate.cpp:3[m[K:
[01m[K/usr/include/c++/11/bits/stringfwd.h:79:33:[m[K [01;36m[Knote: [m[K  â€˜[01m[Kstd::string[m[Kâ€™
   79 |   typedef basic_string<char>    [01;36m[Kstring[m[K;
      |                                 [01;36m[K^~~~~~[m[K
In file included from [01m[K/usr/include/c++/11/bits/locale_classes.h:40[m[K,
                 from [01m[K/usr/include/c++/11/bits/ios_base.h:41[m[K,
                 from [01m[K/usr/include/c++/11/ios:42[m[K,
                 from [01m[K/usr/include/c++/11/istream:38[m[K,
                 from [01m[K/usr/include/c++/11/fstream:38[m[K,
                 from [01m[K/home/sunny/ros2_ws/src/cpp_proj/src/proj_coordinate.cpp:3[m[K:
[01m[K/usr/include/c++/11/string:67:11:[m[K [01;36m[Knote: [m[K  â€˜[01m[Kstd::pmr::string[m[Kâ€™
   67 |     using [01;36m[Kstring[m[K    = basic_string<char>;
      |           [01;36m[K^~~~~~[m[K
[01m[K/home/sunny/ros2_ws/src/cpp_proj/src/proj_coordinate.cpp:18:23:[m[K [01;31m[Kerror: [m[Kâ€˜[01m[KopenFile[m[Kâ€™ was not declared in this scope
   18 |         while(getline([01;31m[KopenFile[m[K, line)) {
      |                       [01;31m[K^~~~~~~~[m[K
[01m[K/home/sunny/ros2_ws/src/cpp_proj/src/proj_coordinate.cpp:18:33:[m[K [01;31m[Kerror: [m[Kâ€˜[01m[Kline[m[Kâ€™ was not declared in this scope
   18 |         while(getline(openFile, [01;31m[Kline[m[K)) {
      |                                 [01;31m[K^~~~[m[K
[01m[K/home/sunny/ros2_ws/src/cpp_proj/src/proj_coordinate.cpp:19:13:[m[K [01;31m[Kerror: [m[Kâ€˜[01m[Kcout[m[Kâ€™ was not declared in this scope
   19 |             [01;31m[Kcout[m[K << line << endl;
      |             [01;31m[K^~~~[m[K
[01m[K/home/sunny/ros2_ws/src/cpp_proj/src/proj_coordinate.cpp:19:29:[m[K [01;31m[Kerror: [m[Kâ€˜[01m[Kendl[m[Kâ€™ was not declared in this scope; did you mean â€˜[01m[Kstd::endl[m[Kâ€™?
   19 |             cout << line << [01;31m[Kendl[m[K;
      |                             [01;31m[K^~~~[m[K
      |                             [32m[Kstd::endl[m[K
In file included from [01m[K/usr/include/c++/11/istream:39[m[K,
                 from [01m[K/usr/include/c++/11/fstream:38[m[K,
                 from [01m[K/home/sunny/ros2_ws/src/cpp_proj/src/proj_coordinate.cpp:3[m[K:
[01m[K/usr/include/c++/11/ostream:684:5:[m[K [01;36m[Knote: [m[Kâ€˜[01m[Kstd::endl[m[Kâ€™ declared here
  684 |     [01;36m[Kendl[m[K(basic_ostream<_CharT, _Traits>& __os)
      |     [01;36m[K^~~~[m[K
[01m[K/home/sunny/ros2_ws/src/cpp_proj/src/proj_coordinate.cpp:21:9:[m[K [01;31m[Kerror: [m[Kâ€˜[01m[KopenFile[m[Kâ€™ was not declared in this scope
   21 |         [01;31m[KopenFile[m[K.close();
      |         [01;31m[K^~~~~~~~[m[K
gmake[2]: *** [CMakeFiles/transpose.dir/build.make:76: CMakeFiles/transpose.dir/src/proj_coordinate.cpp.o] Error 1
gmake[1]: *** [CMakeFiles/Makefile2:137: CMakeFiles/transpose.dir/all] Error 2
gmake: *** [Makefile:146: all] Error 2
