[0.013s] Invoking command in '/home/sunny/ros2_ws/build/cpp_parsing': CMAKE_PREFIX_PATH=/home/sunny/ros2_ws/install/custom_interfaces:/home/sunny/ros2_ws/install/cpp_srvcli:/home/sunny/ros2_ws/install/cpp_pubsub:/home/sunny/ros2_ws/install/tutorial_interfaces:/home/sunny/ros2_ws/install/turtlesim:/home/sunny/ros2_ws/install/polygon_plugins:/home/sunny/ros2_ws/install/polygon_base:/home/sunny/ros2_ws/install/my_package:/home/sunny/ros2_ws/install/more_interfaces:/home/sunny/ros2_ws/install/cpp_proj:/home/sunny/ros2_ws/install/cpp_parameters:/home/sunny/ros2_ws/install/py_proj:/opt/ros/humble LD_LIBRARY_PATH=/home/sunny/ros2_ws/install/custom_interfaces/lib:/home/sunny/ros2_ws/install/tutorial_interfaces/lib:/home/sunny/ros2_ws/install/turtlesim/lib:/home/sunny/ros2_ws/install/polygon_plugins/lib:/home/sunny/ros2_ws/install/more_interfaces/lib:/opt/ros/humble/opt/rviz_ogre_vendor/lib:/opt/ros/humble/lib/x86_64-linux-gnu:/opt/ros/humble/lib /usr/bin/cmake --build /home/sunny/ros2_ws/build/cpp_parsing -- -j12 -l12
[0.056s] [35m[1mConsolidate compiler generated dependencies of target parser[0m
[0.070s] [ 50%] Built target reader
[0.075s] [ 75%] [32mBuilding CXX object CMakeFiles/parser.dir/src/utm_parser.cpp.o[0m
[2.008s] [01m[K/home/sunny/ros2_ws/src/cpp_parsing/src/utm_parser.cpp:20:2:[m[K [01;31m[Kerror: [m[Kexpected â€˜[01m[K;[m[Kâ€™ after class definition
[2.008s]    20 | }
[2.008s]       |  [01;31m[K^[m[K
[2.008s]       |  [32m[K;[m[K
[2.010s] [01m[K/home/sunny/ros2_ws/src/cpp_parsing/src/utm_parser.cpp:[m[K In member function â€˜[01m[Kstd::string UtmParser::_log_message_form()[m[Kâ€™:
[2.010s] [01m[K/home/sunny/ros2_ws/src/cpp_parsing/src/utm_parser.cpp:19:5:[m[K [01;35m[Kwarning: [m[Kno return statement in function returning non-void [[01;35m[K]8;;https://gcc.gnu.org/onlinedocs/gcc/Warning-Options.html#index-Wreturn-type-Wreturn-type]8;;[m[K]
[2.010s]    19 |     [01;35m[K}[m[K
[2.010s]       |     [01;35m[K^[m[K
[2.016s] [01m[K/home/sunny/ros2_ws/src/cpp_parsing/src/utm_parser.cpp:[m[K At global scope:
[2.016s] [01m[K/home/sunny/ros2_ws/src/cpp_parsing/src/utm_parser.cpp:32:26:[m[K [01;31m[Kerror: [m[Kâ€˜[01m[Kstd_msgs[m[Kâ€™ was not declared in this scope
[2.016s]    32 |     rclcpp::Subscription<[01;31m[Kstd_msgs[m[K::msg::String>::SharedPtr subscription_;
[2.016s]       |                          [01;31m[K^~~~~~~~[m[K
[2.016s] [01m[K/home/sunny/ros2_ws/src/cpp_parsing/src/utm_parser.cpp:32:47:[m[K [01;31m[Kerror: [m[Ktemplate argument 1 is invalid
[2.016s]    32 |     rclcpp::Subscription<std_msgs::msg::String[01;31m[K>[m[K::SharedPtr subscription_;
[2.016s]       |                                               [01;31m[K^[m[K
[2.016s] [01m[K/home/sunny/ros2_ws/src/cpp_parsing/src/utm_parser.cpp:32:47:[m[K [01;31m[Kerror: [m[Ktemplate argument 3 is invalid
[2.016s] [01m[K/home/sunny/ros2_ws/src/cpp_parsing/src/utm_parser.cpp:32:47:[m[K [01;31m[Kerror: [m[Ktemplate argument 4 is invalid
[2.017s] [01m[K/home/sunny/ros2_ws/src/cpp_parsing/src/utm_parser.cpp:32:47:[m[K [01;31m[Kerror: [m[Ktemplate argument 5 is invalid
[2.017s] [01m[K/home/sunny/ros2_ws/src/cpp_parsing/src/utm_parser.cpp:32:50:[m[K [01;31m[Kerror: [m[Kexpected â€˜[01m[K;[m[Kâ€™ at end of member declaration
[2.017s]    32 |     rclcpp::Subscription<std_msgs::msg::String>::[01;31m[KSharedPtr[m[K subscription_;
[2.017s]       |                                                  [01;31m[K^~~~~~~~~[m[K
[2.017s]       |                                                           [32m[K;[m[K
[2.020s] [01m[K/home/sunny/ros2_ws/src/cpp_parsing/src/utm_parser.cpp:32:60:[m[K [01;31m[Kerror: [m[Kâ€˜[01m[Ksubscription_[m[Kâ€™ does not name a type; did you mean â€˜[01m[Krmw_subscription_t[m[Kâ€™?
[2.020s]    32 |     rclcpp::Subscription<std_msgs::msg::String>::SharedPtr [01;31m[Ksubscription_[m[K;
[2.020s]       |                                                            [01;31m[K^~~~~~~~~~~~~[m[K
[2.020s]       |                                                            [32m[Krmw_subscription_t[m[K
[2.020s] [01m[K/home/sunny/ros2_ws/src/cpp_parsing/src/utm_parser.cpp:33:2:[m[K [01;31m[Kerror: [m[Kexpected â€˜[01m[K;[m[Kâ€™ after class definition
[2.020s]    33 | }
[2.020s]       |  [01;31m[K^[m[K
[2.020s]       |  [32m[K;[m[K
[2.026s] [01m[K/home/sunny/ros2_ws/src/cpp_parsing/src/utm_parser.cpp:[m[K In constructor â€˜[01m[KNmeaSubscriber::NmeaSubscriber()[m[Kâ€™:
[2.026s] [01m[K/home/sunny/ros2_ws/src/cpp_parsing/src/utm_parser.cpp:27:9:[m[K [01;31m[Kerror: [m[Kâ€˜[01m[Ksubscription_[m[Kâ€™ was not declared in this scope; did you mean â€˜[01m[Krmw_subscription_t[m[Kâ€™?
[2.026s]    27 |         [01;31m[Ksubscription_[m[K = this->create_subscription<std_msgs::msg::String>(
[2.026s]       |         [01;31m[K^~~~~~~~~~~~~[m[K
[2.026s]       |         [32m[Krmw_subscription_t[m[K
[2.030s] [01m[K/home/sunny/ros2_ws/src/cpp_parsing/src/utm_parser.cpp:27:51:[m[K [01;31m[Kerror: [m[Kâ€˜[01m[Kstd_msgs[m[Kâ€™ was not declared in this scope
[2.030s]    27 |         subscription_ = this->create_subscription<[01;31m[Kstd_msgs[m[K::msg::String>(
[2.030s]       |                                                   [01;31m[K^~~~~~~~[m[K
[2.030s] [01m[K/home/sunny/ros2_ws/src/cpp_parsing/src/utm_parser.cpp:27:31:[m[K [01;31m[Kerror: [m[Kparse error in template argument list
[2.030s]    27 |         subscription_ = this->[01;31m[Kcreate_subscription<std_msgs::msg::String>[m[K(
[2.030s]       |                               [01;31m[K^~~~~~~~~~~~~~~~~~~~~~~~~~~~~~~~~~~~~~~~~~[m[K
[2.030s] [01m[K/home/sunny/ros2_ws/src/cpp_parsing/src/utm_parser.cpp:28:57:[m[K [01;31m[Kerror: [m[Kâ€˜[01m[Ktopic_callback[m[Kâ€™ is not a member of â€˜[01m[KNmeaSubscriber[m[Kâ€™
[2.030s]    28 |             "nmea_data", 10, std::bind(&NmeaSubscriber::[01;31m[Ktopic_callback[m[K, this, _1));
[2.031s]       |                                                         [01;31m[K^~~~~~~~~~~~~~[m[K
[2.031s] [01m[K/home/sunny/ros2_ws/src/cpp_parsing/src/utm_parser.cpp:28:79:[m[K [01;31m[Kerror: [m[Kâ€˜[01m[K_1[m[Kâ€™ was not declared in this scope; did you mean â€˜[01m[Kstd::placeholders::_1[m[Kâ€™?
[2.031s]    28 |             "nmea_data", 10, std::bind(&NmeaSubscriber::topic_callback, this, [01;31m[K_1[m[K));
[2.031s]       |                                                                               [01;31m[K^~[m[K
[2.031s]       |                                                                               [32m[Kstd::placeholders::_1[m[K
[2.031s] In file included from [01m[K/usr/include/c++/11/pstl/glue_algorithm_defs.h:13[m[K,
[2.031s]                  from [01m[K/usr/include/c++/11/algorithm:74[m[K,
[2.031s]                  from [01m[K/opt/ros/humble/include/rclcpp/rclcpp/executor.hpp:18[m[K,
[2.031s]                  from [01m[K/opt/ros/humble/include/rclcpp/rclcpp/executors/multi_threaded_executor.hpp:25[m[K,
[2.031s]                  from [01m[K/opt/ros/humble/include/rclcpp/rclcpp/executors.hpp:21[m[K,
[2.031s]                  from [01m[K/opt/ros/humble/include/rclcpp/rclcpp/rclcpp.hpp:155[m[K,
[2.031s]                  from [01m[K/home/sunny/ros2_ws/src/cpp_parsing/src/utm_parser.cpp:3[m[K:
[2.031s] [01m[K/usr/include/c++/11/functional:225:34:[m[K [01;36m[Knote: [m[Kâ€˜[01m[Kstd::placeholders::_1[m[Kâ€™ declared here
[2.031s]   225 |     extern const _Placeholder<1> [01;36m[K_1[m[K;
[2.031s]       |                                  [01;36m[K^~[m[K
[2.607s] gmake[2]: *** [CMakeFiles/parser.dir/build.make:76: CMakeFiles/parser.dir/src/utm_parser.cpp.o] Error 1
[2.607s] gmake[1]: *** [CMakeFiles/Makefile2:165: CMakeFiles/parser.dir/all] Error 2
[2.607s] gmake: *** [Makefile:146: all] Error 2
[2.609s] Invoked command in '/home/sunny/ros2_ws/build/cpp_parsing' returned '2': CMAKE_PREFIX_PATH=/home/sunny/ros2_ws/install/custom_interfaces:/home/sunny/ros2_ws/install/cpp_srvcli:/home/sunny/ros2_ws/install/cpp_pubsub:/home/sunny/ros2_ws/install/tutorial_interfaces:/home/sunny/ros2_ws/install/turtlesim:/home/sunny/ros2_ws/install/polygon_plugins:/home/sunny/ros2_ws/install/polygon_base:/home/sunny/ros2_ws/install/my_package:/home/sunny/ros2_ws/install/more_interfaces:/home/sunny/ros2_ws/install/cpp_proj:/home/sunny/ros2_ws/install/cpp_parameters:/home/sunny/ros2_ws/install/py_proj:/opt/ros/humble LD_LIBRARY_PATH=/home/sunny/ros2_ws/install/custom_interfaces/lib:/home/sunny/ros2_ws/install/tutorial_interfaces/lib:/home/sunny/ros2_ws/install/turtlesim/lib:/home/sunny/ros2_ws/install/polygon_plugins/lib:/home/sunny/ros2_ws/install/more_interfaces/lib:/opt/ros/humble/opt/rviz_ogre_vendor/lib:/opt/ros/humble/lib/x86_64-linux-gnu:/opt/ros/humble/lib /usr/bin/cmake --build /home/sunny/ros2_ws/build/cpp_parsing -- -j12 -l12
