[01m[K/home/sunny/ros2_ws/src/cpp_parsing/src/nmea_reader.cpp:[m[K In constructor â€˜[01m[KNmeaReader::NmeaReader()[m[Kâ€™:
[01m[K/home/sunny/ros2_ws/src/cpp_parsing/src/nmea_reader.cpp:22:9:[m[K [01;31m[Kerror: [m[Kâ€˜[01m[Kstart_reading[m[Kâ€™ was not declared in this scope; did you mean â€˜[01m[KstartReading[m[Kâ€™?
   22 |         [01;31m[Kstart_reading[m[K();
      |         [01;31m[K^~~~~~~~~~~~~[m[K
      |         [32m[KstartReading[m[K
[01m[K/home/sunny/ros2_ws/src/cpp_parsing/src/nmea_reader.cpp:24:9:[m[K [01;31m[Kerror: [m[Kâ€˜[01m[Kio_thread[m[Kâ€™ was not declared in this scope; did you mean â€˜[01m[Kio_thread_[m[Kâ€™?
   24 |         [01;31m[Kio_thread[m[K = std::thread([this]() {context_.run(); });
      |         [01;31m[K^~~~~~~~~[m[K
      |         [32m[Kio_thread_[m[K
gmake[2]: *** [CMakeFiles/reader.dir/build.make:76: CMakeFiles/reader.dir/src/nmea_reader.cpp.o] Error 1
gmake[1]: *** [CMakeFiles/Makefile2:139: CMakeFiles/reader.dir/all] Error 2
gmake: *** [Makefile:146: all] Error 2
