[0.010s] Invoking command in '/home/sunny/ros2_ws/build/cpp_proj': CMAKE_PREFIX_PATH=/opt/ros/humble /usr/bin/cmake --build /home/sunny/ros2_ws/build/cpp_proj -- -j8 -l8
[0.045s] [35m[1mConsolidate compiler generated dependencies of target transpose[0m
[0.057s] [ 50%] [32mBuilding CXX object CMakeFiles/transpose.dir/src/proj_coordinate.cpp.o[0m
[0.349s] [01m[K/home/sunny/ros2_ws/src/cpp_proj/src/proj_coordinate.cpp:[m[K In function â€˜[01m[Kint main()[m[Kâ€™:
[0.350s] [01m[K/home/sunny/ros2_ws/src/cpp_proj/src/proj_coordinate.cpp:72:31:[m[K [01;35m[Kwarning: [m[Kcomparison of integer expressions of different signedness: â€˜[01m[Kint[m[Kâ€™ and â€˜[01m[Kstd::vector<std::__cxx11::basic_string<char> >::size_type[m[Kâ€™ {aka â€˜[01m[Klong unsigned int[m[Kâ€™} [[01;35m[K]8;;https://gcc.gnu.org/onlinedocs/gcc/Warning-Options.html#index-Wsign-compare-Wsign-compare]8;;[m[K]
[0.350s]    72 |             for (int i = 0; [01;35m[Ki < result.size()[m[K; i++) {
[0.350s]       |                             [01;35m[K~~^~~~~~~~~~~~~~~[m[K
[0.351s] [01m[K/home/sunny/ros2_ws/src/cpp_proj/src/proj_coordinate.cpp:91:31:[m[K [01;31m[Kerror: [m[Kinvalid conversion from â€˜[01m[Kint[m[Kâ€™ to â€˜[01m[KPJ_DIRECTION[m[Kâ€™ [[01;31m[K]8;;https://gcc.gnu.org/onlinedocs/gcc/Warning-Options.html#index-fpermissive-fpermissive]8;;[m[K]
[0.351s]    91 |             b = proj_trans(P, [01;31m[K1[m[K, a);
[0.351s]       |                               [01;31m[K^[m[K
[0.351s]       |                               [01;31m[K|[m[K
[0.351s]       |                               [01;31m[Kint[m[K
[0.351s] In file included from [01m[K/home/sunny/ros2_ws/src/cpp_proj/src/proj_coordinate.cpp:8[m[K:
[0.351s] [01m[K/usr/include/proj.h:596:51:[m[K [01;36m[Knote: [m[K  initializing argument 2 of â€˜[01m[KPJ_COORD proj_trans(PJ*, PJ_DIRECTION, PJ_COORD)[m[Kâ€™
[0.351s]   596 | PJ_COORD PROJ_DLL proj_trans (PJ *P, [01;36m[KPJ_DIRECTION direction[m[K, PJ_COORD coord);
[0.351s]       |                                      [01;36m[K~~~~~~~~~~~~~^~~~~~~~~[m[K
[0.399s] gmake[2]: *** [CMakeFiles/transpose.dir/build.make:76: CMakeFiles/transpose.dir/src/proj_coordinate.cpp.o] Error 1
[0.400s] gmake[1]: *** [CMakeFiles/Makefile2:137: CMakeFiles/transpose.dir/all] Error 2
[0.400s] gmake: *** [Makefile:146: all] Error 2
[0.406s] Invoked command in '/home/sunny/ros2_ws/build/cpp_proj' returned '2': CMAKE_PREFIX_PATH=/opt/ros/humble /usr/bin/cmake --build /home/sunny/ros2_ws/build/cpp_proj -- -j8 -l8
