[0.010s] Invoking command in '/home/sunny/ros2_ws/build/cpp_proj': CMAKE_PREFIX_PATH=/opt/ros/humble /usr/bin/cmake --build /home/sunny/ros2_ws/build/cpp_proj -- -j8 -l8
[0.045s] [35m[1mConsolidate compiler generated dependencies of target transpose[0m
[0.056s] [ 50%] [32mBuilding CXX object CMakeFiles/transpose.dir/src/proj_coordinate.cpp.o[0m
[0.329s] [01m[K/home/sunny/ros2_ws/src/cpp_proj/src/proj_coordinate.cpp:[m[K In function â€˜[01m[Kstd::vector<std::__cxx11::basic_string<char> > split(std::string, char)[m[Kâ€™:
[0.329s] [01m[K/home/sunny/ros2_ws/src/cpp_proj/src/proj_coordinate.cpp:12:23:[m[K [01;31m[Kerror: [m[Kâ€˜[01m[Kstr[m[Kâ€™ was not declared in this scope; did you mean â€˜[01m[Kstd[m[Kâ€™?
[0.329s]    12 |     istringstream iss([01;31m[Kstr[m[K);
[0.329s]       |                       [01;31m[K^~~[m[K
[0.329s]       |                       [32m[Kstd[m[K
[0.331s] [01m[K/home/sunny/ros2_ws/src/cpp_proj/src/proj_coordinate.cpp:11:29:[m[K [01;35m[Kwarning: [m[Kunused parameter â€˜[01m[Kline[m[Kâ€™ [[01;35m[K]8;;https://gcc.gnu.org/onlinedocs/gcc/Warning-Options.html#index-Wunused-parameter-Wunused-parameter]8;;[m[K]
[0.331s]    11 | vector<string> split([01;35m[Kstring line[m[K, char Delimiter) {
[0.331s]       |                      [01;35m[K~~~~~~~^~~~[m[K
[0.332s] [01m[K/home/sunny/ros2_ws/src/cpp_proj/src/proj_coordinate.cpp:[m[K In function â€˜[01m[Kint main()[m[Kâ€™:
[0.332s] [01m[K/home/sunny/ros2_ws/src/cpp_proj/src/proj_coordinate.cpp:53:31:[m[K [01;35m[Kwarning: [m[Kcomparison of integer expressions of different signedness: â€˜[01m[Kint[m[Kâ€™ and â€˜[01m[Kstd::vector<std::__cxx11::basic_string<char> >::size_type[m[Kâ€™ {aka â€˜[01m[Klong unsigned int[m[Kâ€™} [[01;35m[K]8;;https://gcc.gnu.org/onlinedocs/gcc/Warning-Options.html#index-Wsign-compare-Wsign-compare]8;;[m[K]
[0.332s]    53 |             for (int i = 0; [01;35m[Ki < result.size()[m[K; i++) {
[0.332s]       |                             [01;35m[K~~^~~~~~~~~~~~~~~[m[K
[0.332s] [01m[K/home/sunny/ros2_ws/src/cpp_proj/src/proj_coordinate.cpp:32:11:[m[K [01;35m[Kwarning: [m[Kunused variable â€˜[01m[Kutc[m[Kâ€™ [[01;35m[K]8;;https://gcc.gnu.org/onlinedocs/gcc/Warning-Options.html#index-Wunused-variable-Wunused-variable]8;;[m[K]
[0.332s]    32 |     float [01;35m[Kutc[m[K;
[0.333s]       |           [01;35m[K^~~[m[K
[0.333s] [01m[K/home/sunny/ros2_ws/src/cpp_proj/src/proj_coordinate.cpp:33:11:[m[K [01;35m[Kwarning: [m[Kunused variable â€˜[01m[Klat[m[Kâ€™ [[01;35m[K]8;;https://gcc.gnu.org/onlinedocs/gcc/Warning-Options.html#index-Wunused-variable-Wunused-variable]8;;[m[K]
[0.333s]    33 |     float [01;35m[Klat[m[K;
[0.333s]       |           [01;35m[K^~~[m[K
[0.333s] [01m[K/home/sunny/ros2_ws/src/cpp_proj/src/proj_coordinate.cpp:35:11:[m[K [01;35m[Kwarning: [m[Kunused variable â€˜[01m[Klon[m[Kâ€™ [[01;35m[K]8;;https://gcc.gnu.org/onlinedocs/gcc/Warning-Options.html#index-Wunused-variable-Wunused-variable]8;;[m[K]
[0.333s]    35 |     float [01;35m[Klon[m[K;
[0.333s]       |           [01;35m[K^~~[m[K
[0.333s] [01m[K/home/sunny/ros2_ws/src/cpp_proj/src/proj_coordinate.cpp:37:9:[m[K [01;35m[Kwarning: [m[Kunused variable â€˜[01m[Kquality[m[Kâ€™ [[01;35m[K]8;;https://gcc.gnu.org/onlinedocs/gcc/Warning-Options.html#index-Wunused-variable-Wunused-variable]8;;[m[K]
[0.333s]    37 |     int [01;35m[Kquality[m[K;
[0.333s]       |         [01;35m[K^~~~~~~[m[K
[0.333s] [01m[K/home/sunny/ros2_ws/src/cpp_proj/src/proj_coordinate.cpp:38:9:[m[K [01;35m[Kwarning: [m[Kunused variable â€˜[01m[Knum_satelite[m[Kâ€™ [[01;35m[K]8;;https://gcc.gnu.org/onlinedocs/gcc/Warning-Options.html#index-Wunused-variable-Wunused-variable]8;;[m[K]
[0.333s]    38 |     int [01;35m[Knum_satelite[m[K;
[0.333s]       |         [01;35m[K^~~~~~~~~~~~[m[K
[0.333s] [01m[K/home/sunny/ros2_ws/src/cpp_proj/src/proj_coordinate.cpp:39:11:[m[K [01;35m[Kwarning: [m[Kunused variable â€˜[01m[KHDOP[m[Kâ€™ [[01;35m[K]8;;https://gcc.gnu.org/onlinedocs/gcc/Warning-Options.html#index-Wunused-variable-Wunused-variable]8;;[m[K]
[0.333s]    39 |     float [01;35m[KHDOP[m[K;
[0.334s]       |           [01;35m[K^~~~[m[K
[0.334s] [01m[K/home/sunny/ros2_ws/src/cpp_proj/src/proj_coordinate.cpp:40:11:[m[K [01;35m[Kwarning: [m[Kunused variable â€˜[01m[Kalt[m[Kâ€™ [[01;35m[K]8;;https://gcc.gnu.org/onlinedocs/gcc/Warning-Options.html#index-Wunused-variable-Wunused-variable]8;;[m[K]
[0.334s]    40 |     float [01;35m[Kalt[m[K;
[0.334s]       |           [01;35m[K^~~[m[K
[0.334s] [01m[K/home/sunny/ros2_ws/src/cpp_proj/src/proj_coordinate.cpp:42:11:[m[K [01;35m[Kwarning: [m[Kunused variable â€˜[01m[Ksep[m[Kâ€™ [[01;35m[K]8;;https://gcc.gnu.org/onlinedocs/gcc/Warning-Options.html#index-Wunused-variable-Wunused-variable]8;;[m[K]
[0.334s]    42 |     float [01;35m[Ksep[m[K;
[0.334s]       |           [01;35m[K^~~[m[K
[0.334s] [01m[K/home/sunny/ros2_ws/src/cpp_proj/src/proj_coordinate.cpp:44:11:[m[K [01;35m[Kwarning: [m[Kunused variable â€˜[01m[Kdiff_age[m[Kâ€™ [[01;35m[K]8;;https://gcc.gnu.org/onlinedocs/gcc/Warning-Options.html#index-Wunused-variable-Wunused-variable]8;;[m[K]
[0.334s]    44 |     float [01;35m[Kdiff_age[m[K;
[0.334s]       |           [01;35m[K^~~~~~~~[m[K
[0.389s] gmake[2]: *** [CMakeFiles/transpose.dir/build.make:76: CMakeFiles/transpose.dir/src/proj_coordinate.cpp.o] Error 1
[0.389s] gmake[1]: *** [CMakeFiles/Makefile2:137: CMakeFiles/transpose.dir/all] Error 2
[0.389s] gmake: *** [Makefile:146: all] Error 2
[0.393s] Invoked command in '/home/sunny/ros2_ws/build/cpp_proj' returned '2': CMAKE_PREFIX_PATH=/opt/ros/humble /usr/bin/cmake --build /home/sunny/ros2_ws/build/cpp_proj -- -j8 -l8
