[01m[K/home/sunny/ros2_ws/src/cpp_proj/src/proj_coordinate.cpp:3:10:[m[K [01;31m[Kfatal error: [m[Kfsteam: No such file or directory
    3 | #include [01;31m[K<fsteam>[m[K
      |          [01;31m[K^~~~~~~~[m[K
compilation terminated.
gmake[2]: *** [CMakeFiles/transpose.dir/build.make:76: CMakeFiles/transpose.dir/src/proj_coordinate.cpp.o] Error 1
gmake[1]: *** [CMakeFiles/Makefile2:137: CMakeFiles/transpose.dir/all] Error 2
gmake: *** [Makefile:146: all] Error 2
