[0.016s] Invoking command in '/home/sunny/ros2_ws/build/cpp_parsing': CMAKE_PREFIX_PATH=/home/sunny/ros2_ws/install/custom_interfaces:/home/sunny/ros2_ws/install/cpp_srvcli:/home/sunny/ros2_ws/install/cpp_pubsub:/home/sunny/ros2_ws/install/tutorial_interfaces:/home/sunny/ros2_ws/install/turtlesim:/home/sunny/ros2_ws/install/polygon_plugins:/home/sunny/ros2_ws/install/polygon_base:/home/sunny/ros2_ws/install/my_package:/home/sunny/ros2_ws/install/more_interfaces:/home/sunny/ros2_ws/install/cpp_proj:/home/sunny/ros2_ws/install/cpp_parameters:/home/sunny/ros2_ws/install/py_proj:/opt/ros/humble LD_LIBRARY_PATH=/home/sunny/ros2_ws/install/custom_interfaces/lib:/home/sunny/ros2_ws/install/tutorial_interfaces/lib:/home/sunny/ros2_ws/install/turtlesim/lib:/home/sunny/ros2_ws/install/polygon_plugins/lib:/home/sunny/ros2_ws/install/more_interfaces/lib:/opt/ros/humble/opt/rviz_ogre_vendor/lib:/opt/ros/humble/lib/x86_64-linux-gnu:/opt/ros/humble/lib /usr/bin/cmake --build /home/sunny/ros2_ws/build/cpp_parsing -- -j12 -l12
[0.069s] [35m[1mConsolidate compiler generated dependencies of target parser[0m
[0.083s] [ 50%] Built target reader
[0.088s] [ 75%] [32mBuilding CXX object CMakeFiles/parser.dir/src/utm_parser.cpp.o[0m
[2.354s] [01m[K/home/sunny/ros2_ws/src/cpp_parsing/src/utm_parser.cpp:45:2:[m[K [01;31m[Kerror: [m[Kexpected â€˜[01m[K}[m[Kâ€™ at end of input
[2.354s]    45 | }
[2.355s]       |  [01;31m[K^[m[K
[2.355s] [01m[K/home/sunny/ros2_ws/src/cpp_parsing/src/utm_parser.cpp:21:1:[m[K [01;36m[Knote: [m[Kto match this â€˜[01m[K{[m[Kâ€™
[2.355s]    21 | [01;36m[K{[m[K
[2.355s]       | [01;36m[K^[m[K
[2.360s] [01m[K/home/sunny/ros2_ws/src/cpp_parsing/src/utm_parser.cpp:[m[K In constructor â€˜[01m[KNmeaSubscriber::NmeaSubscriber()[m[Kâ€™:
[2.360s] [01m[K/home/sunny/ros2_ws/src/cpp_parsing/src/utm_parser.cpp:25:9:[m[K [01;31m[Kerror: [m[Kâ€˜[01m[Ksubscription_[m[Kâ€™ was not declared in this scope; did you mean â€˜[01m[Krmw_subscription_t[m[Kâ€™?
[2.360s]    25 |         [01;31m[Ksubscription_[m[K = this->create_subscription<std_msgs::msg::String>(
[2.360s]       |         [01;31m[K^~~~~~~~~~~~~[m[K
[2.360s]       |         [32m[Krmw_subscription_t[m[K
[2.362s] [01m[K/home/sunny/ros2_ws/src/cpp_parsing/src/utm_parser.cpp:[m[K In lambda function:
[2.362s] [01m[K/home/sunny/ros2_ws/src/cpp_parsing/src/utm_parser.cpp:26:82:[m[K [01;31m[Kerror: [m[Kâ€˜[01m[Kclass NmeaSubscriber[m[Kâ€™ has no member named â€˜[01m[Knmea_data_transformer[m[Kâ€™
[2.362s]    26 |             "nmea_data", 10, [this](std_msgs::msg::String::SharedPtr msg) {this->[01;31m[Knmea_data_transformer[m[K(msg);
[2.362s]       |                                                                                  [01;31m[K^~~~~~~~~~~~~~~~~~~~~[m[K
[2.362s] [01m[K/home/sunny/ros2_ws/src/cpp_parsing/src/utm_parser.cpp:[m[K In constructor â€˜[01m[KNmeaSubscriber::NmeaSubscriber()[m[Kâ€™:
[2.362s] [01m[K/home/sunny/ros2_ws/src/cpp_parsing/src/utm_parser.cpp:28:5:[m[K [01;31m[Kerror: [m[Kexpected â€˜[01m[K)[m[Kâ€™ before â€˜[01m[K}[m[Kâ€™ token
[2.362s]    28 |     [01;31m[K}[m[K
[2.362s]       |     [01;31m[K^[m[K
[2.362s] [01m[K/home/sunny/ros2_ws/src/cpp_parsing/src/utm_parser.cpp:25:73:[m[K [01;36m[Knote: [m[Kto match this â€˜[01m[K([m[Kâ€™
[2.362s]    25 |         subscription_ = this->create_subscription<std_msgs::msg::String>[01;36m[K([m[K
[2.362s]       |                                                                         [01;36m[K^[m[K
[2.364s] [01m[K/home/sunny/ros2_ws/src/cpp_parsing/src/utm_parser.cpp:[m[K At global scope:
[2.364s] [01m[K/home/sunny/ros2_ws/src/cpp_parsing/src/utm_parser.cpp:45:2:[m[K [01;31m[Kerror: [m[Kexpected unqualified-id at end of input
[2.364s]    45 | }
[2.364s]       |  [01;31m[K^[m[K
[2.889s] gmake[2]: *** [CMakeFiles/parser.dir/build.make:76: CMakeFiles/parser.dir/src/utm_parser.cpp.o] Error 1
[2.889s] gmake[1]: *** [CMakeFiles/Makefile2:165: CMakeFiles/parser.dir/all] Error 2
[2.889s] gmake: *** [Makefile:146: all] Error 2
[2.892s] Invoked command in '/home/sunny/ros2_ws/build/cpp_parsing' returned '2': CMAKE_PREFIX_PATH=/home/sunny/ros2_ws/install/custom_interfaces:/home/sunny/ros2_ws/install/cpp_srvcli:/home/sunny/ros2_ws/install/cpp_pubsub:/home/sunny/ros2_ws/install/tutorial_interfaces:/home/sunny/ros2_ws/install/turtlesim:/home/sunny/ros2_ws/install/polygon_plugins:/home/sunny/ros2_ws/install/polygon_base:/home/sunny/ros2_ws/install/my_package:/home/sunny/ros2_ws/install/more_interfaces:/home/sunny/ros2_ws/install/cpp_proj:/home/sunny/ros2_ws/install/cpp_parameters:/home/sunny/ros2_ws/install/py_proj:/opt/ros/humble LD_LIBRARY_PATH=/home/sunny/ros2_ws/install/custom_interfaces/lib:/home/sunny/ros2_ws/install/tutorial_interfaces/lib:/home/sunny/ros2_ws/install/turtlesim/lib:/home/sunny/ros2_ws/install/polygon_plugins/lib:/home/sunny/ros2_ws/install/more_interfaces/lib:/opt/ros/humble/opt/rviz_ogre_vendor/lib:/opt/ros/humble/lib/x86_64-linux-gnu:/opt/ros/humble/lib /usr/bin/cmake --build /home/sunny/ros2_ws/build/cpp_parsing -- -j12 -l12
