[ 50%] [32mBuilding CXX object CMakeFiles/transpose.dir/src/proj_coordinate.cpp.o[0m
[01m[K/home/sunny/ros2_ws/src/cpp_proj/src/proj_coordinate.cpp:[m[K In function â€˜[01m[Kint main(int, char**)[m[Kâ€™:
[01m[K/home/sunny/ros2_ws/src/cpp_proj/src/proj_coordinate.cpp:18:23:[m[K [01;31m[Kerror: [m[Kâ€˜[01m[KopenFile[m[Kâ€™ was not declared in this scope
   18 |         while(getline([01;31m[KopenFile[m[K, line)) {
      |                       [01;31m[K^~~~~~~~[m[K
[01m[K/home/sunny/ros2_ws/src/cpp_proj/src/proj_coordinate.cpp:19:13:[m[K [01;31m[Kerror: [m[Kâ€˜[01m[Kcout[m[Kâ€™ was not declared in this scope
   19 |             [01;31m[Kcout[m[K << line << endl;
      |             [01;31m[K^~~~[m[K
[01m[K/home/sunny/ros2_ws/src/cpp_proj/src/proj_coordinate.cpp:4:1:[m[K [01;36m[Knote: [m[Kâ€˜[01m[Kstd::cout[m[Kâ€™ is defined in header â€˜[01m[K<iostream>[m[Kâ€™; did you forget to â€˜[01m[K#include <iostream>[m[Kâ€™?
    3 | #include <fstream>
  +++ |+[32m[K#include <iostream>[m[K
    4 | 
[01m[K/home/sunny/ros2_ws/src/cpp_proj/src/proj_coordinate.cpp:21:9:[m[K [01;31m[Kerror: [m[Kâ€˜[01m[KopenFile[m[Kâ€™ was not declared in this scope
   21 |         [01;31m[KopenFile[m[K.close();
      |         [01;31m[K^~~~~~~~[m[K
gmake[2]: *** [CMakeFiles/transpose.dir/build.make:76: CMakeFiles/transpose.dir/src/proj_coordinate.cpp.o] Error 1
gmake[1]: *** [CMakeFiles/Makefile2:137: CMakeFiles/transpose.dir/all] Error 2
gmake: *** [Makefile:146: all] Error 2
