[ 25%] [32mBuilding CXX object CMakeFiles/parser.dir/src/utm_parser.cpp.o[0m
[ 75%] Built target reader
In file included from [01m[K/opt/ros/humble/include/rclcpp/rclcpp/client.hpp:40[m[K,
                 from [01m[K/opt/ros/humble/include/rclcpp/rclcpp/callback_group.hpp:24[m[K,
                 from [01m[K/opt/ros/humble/include/rclcpp/rclcpp/any_executable.hpp:20[m[K,
                 from [01m[K/opt/ros/humble/include/rclcpp/rclcpp/memory_strategy.hpp:25[m[K,
                 from [01m[K/opt/ros/humble/include/rclcpp/rclcpp/memory_strategies.hpp:18[m[K,
                 from [01m[K/opt/ros/humble/include/rclcpp/rclcpp/executor_options.hpp:20[m[K,
                 from [01m[K/opt/ros/humble/include/rclcpp/rclcpp/executor.hpp:37[m[K,
                 from [01m[K/opt/ros/humble/include/rclcpp/rclcpp/executors/multi_threaded_executor.hpp:25[m[K,
                 from [01m[K/opt/ros/humble/include/rclcpp/rclcpp/executors.hpp:21[m[K,
                 from [01m[K/opt/ros/humble/include/rclcpp/rclcpp/rclcpp.hpp:155[m[K,
                 from [01m[K/home/sunny/ros2_ws/src/cpp_parsing/src/utm_parser.cpp:8[m[K:
[01m[K/home/sunny/ros2_ws/src/cpp_parsing/src/utm_parser.cpp:[m[K In member function â€˜[01m[Kvoid UtmParser::publish_utm_data(const Utm&)[m[Kâ€™:
[01m[K/home/sunny/ros2_ws/src/cpp_parsing/src/utm_parser.cpp:36:48:[m[K [01;31m[Kerror: [m[Kâ€˜[01m[K_log_message_form[m[Kâ€™ was not declared in this scope; did you mean â€˜[01m[KlogMessageForm[m[Kâ€™?
   36 |         RCLCPP_INFO_STREAM(this->get_logger(), [01;31m[K_log_message_form[m[K(utm_data));
      |                                                [01;31m[K^~~~~~~~~~~~~~~~~[m[K
[01m[K/home/sunny/ros2_ws/src/cpp_parsing/src/utm_parser.cpp:[m[K In constructor â€˜[01m[KNmeaSubscriber::NmeaSubscriber()[m[Kâ€™:
[01m[K/home/sunny/ros2_ws/src/cpp_parsing/src/utm_parser.cpp:76:57:[m[K [01;31m[Kerror: [m[Kâ€˜[01m[Knmea_data_transformer[m[Kâ€™ is not a member of â€˜[01m[KNmeaSubscriber[m[Kâ€™
   76 |             "nmea_data", 10, std::bind(&NmeaSubscriber::[01;31m[Knmea_data_transformer[m[K, this, std::placeholders::_1));
      |                                                         [01;31m[K^~~~~~~~~~~~~~~~~~~~~[m[K
[01m[K/home/sunny/ros2_ws/src/cpp_parsing/src/utm_parser.cpp:[m[K In member function â€˜[01m[Kvoid NmeaSubscriber::nmeaDataTransformer(const String&)[m[Kâ€™:
[01m[K/home/sunny/ros2_ws/src/cpp_parsing/src/utm_parser.cpp:82:42:[m[K [01;31m[Kerror: [m[Kâ€˜[01m[Klatitude_[m[Kâ€™ was not declared in this scope; did you mean â€˜[01m[Klatitude[m[Kâ€™?
   82 |             calculate_latitude_longitude([01;31m[Klatitude_[m[K, longitude_,
      |                                          [01;31m[K^~~~~~~~~[m[K
      |                                          [32m[Klatitude[m[K
[01m[K/home/sunny/ros2_ws/src/cpp_parsing/src/utm_parser.cpp:82:53:[m[K [01;31m[Kerror: [m[Kâ€˜[01m[Klongitude_[m[Kâ€™ was not declared in this scope; did you mean â€˜[01m[Klongitude[m[Kâ€™?
   82 |             calculate_latitude_longitude(latitude_, [01;31m[Klongitude_[m[K,
      |                                                     [01;31m[K^~~~~~~~~~[m[K
      |                                                     [32m[Klongitude[m[K
[01m[K/home/sunny/ros2_ws/src/cpp_parsing/src/utm_parser.cpp:82:13:[m[K [01;31m[Kerror: [m[Kâ€˜[01m[Kcalculate_latitude_longitude[m[Kâ€™ was not declared in this scope; did you mean â€˜[01m[KcalculateLatitudeLongitude[m[Kâ€™?
   82 |             [01;31m[Kcalculate_latitude_longitude[m[K(latitude_, longitude_,
      |             [01;31m[K^~~~~~~~~~~~~~~~~~~~~~~~~~~~[m[K
      |             [32m[KcalculateLatitudeLongitude[m[K
[01m[K/home/sunny/ros2_ws/src/cpp_parsing/src/utm_parser.cpp:85:25:[m[K [01;31m[Kerror: [m[Kâ€˜[01m[Keasting_[m[Kâ€™ was not declared in this scope; did you mean â€˜[01m[Keasting[m[Kâ€™?
   85 |             latLonToUtm([01;31m[Keasting_[m[K, northing_, latitude_, longitude_);
      |                         [01;31m[K^~~~~~~~[m[K
      |                         [32m[Keasting[m[K
[01m[K/home/sunny/ros2_ws/src/cpp_parsing/src/utm_parser.cpp:85:35:[m[K [01;31m[Kerror: [m[Kâ€˜[01m[Knorthing_[m[Kâ€™ was not declared in this scope; did you mean â€˜[01m[Knorthing[m[Kâ€™?
   85 |             latLonToUtm(easting_, [01;31m[Knorthing_[m[K, latitude_, longitude_);
      |                                   [01;31m[K^~~~~~~~~[m[K
      |                                   [32m[Knorthing[m[K
[01m[K/home/sunny/ros2_ws/src/cpp_parsing/src/utm_parser.cpp:86:25:[m[K [01;31m[Kerror: [m[Kâ€˜[01m[Kutm_data_[m[Kâ€™ was not declared in this scope; did you mean â€˜[01m[Kutm_data[m[Kâ€™?
   86 |             makeUtmData([01;31m[Kutm_data_[m[K, raw_data, latitude_, longitude_, easting_, northing_);
      |                         [01;31m[K^~~~~~~~~[m[K
      |                         [32m[Kutm_data[m[K
[01m[K/home/sunny/ros2_ws/src/cpp_parsing/src/utm_parser.cpp:88:21:[m[K [01;31m[Kerror: [m[Kâ€˜[01m[Kclass UtmParser[m[Kâ€™ has no member named â€˜[01m[KpublishUtmData[m[Kâ€™; did you mean â€˜[01m[Kpublish_utm_data[m[Kâ€™?
   88 |             parser_.[01;31m[KpublishUtmData[m[K(utm_data_);
      |                     [01;31m[K^~~~~~~~~~~~~~[m[K
      |                     [32m[Kpublish_utm_data[m[K
gmake[2]: *** [CMakeFiles/parser.dir/build.make:76: CMakeFiles/parser.dir/src/utm_parser.cpp.o] Error 1
gmake[1]: *** [CMakeFiles/Makefile2:165: CMakeFiles/parser.dir/all] Error 2
gmake: *** [Makefile:146: all] Error 2
