[35m[1mConsolidate compiler generated dependencies of target parser[0m
[ 50%] Built target reader
[ 75%] [32mBuilding CXX object CMakeFiles/parser.dir/src/utm_parser.cpp.o[0m
In file included from [01m[K/opt/ros/humble/include/rclcpp/rclcpp/client.hpp:40[m[K,
                 from [01m[K/opt/ros/humble/include/rclcpp/rclcpp/callback_group.hpp:24[m[K,
                 from [01m[K/opt/ros/humble/include/rclcpp/rclcpp/any_executable.hpp:20[m[K,
                 from [01m[K/opt/ros/humble/include/rclcpp/rclcpp/memory_strategy.hpp:25[m[K,
                 from [01m[K/opt/ros/humble/include/rclcpp/rclcpp/memory_strategies.hpp:18[m[K,
                 from [01m[K/opt/ros/humble/include/rclcpp/rclcpp/executor_options.hpp:20[m[K,
                 from [01m[K/opt/ros/humble/include/rclcpp/rclcpp/executor.hpp:37[m[K,
                 from [01m[K/opt/ros/humble/include/rclcpp/rclcpp/executors/multi_threaded_executor.hpp:25[m[K,
                 from [01m[K/opt/ros/humble/include/rclcpp/rclcpp/executors.hpp:21[m[K,
                 from [01m[K/opt/ros/humble/include/rclcpp/rclcpp/rclcpp.hpp:155[m[K,
                 from [01m[K/home/sunny/ros2_ws/src/cpp_parsing/src/utm_parser.cpp:8[m[K:
[01m[K/home/sunny/ros2_ws/src/cpp_parsing/src/utm_parser.cpp:[m[K In member function â€˜[01m[Kvoid UtmParser::publishUtmData(const Utm&)[m[Kâ€™:
[01m[K/home/sunny/ros2_ws/src/cpp_parsing/src/utm_parser.cpp:36:48:[m[K [01;31m[Kerror: [m[Kâ€˜[01m[K_log_message_form[m[Kâ€™ was not declared in this scope; did you mean â€˜[01m[KlogMessageForm[m[Kâ€™?
   36 |         RCLCPP_INFO_STREAM(this->get_logger(), [01;31m[K_log_message_form[m[K(utm_data));
      |                                                [01;31m[K^~~~~~~~~~~~~~~~~[m[K
[01m[K/home/sunny/ros2_ws/src/cpp_parsing/src/utm_parser.cpp:[m[K In constructor â€˜[01m[KNmeaSubscriber::NmeaSubscriber()[m[Kâ€™:
[01m[K/home/sunny/ros2_ws/src/cpp_parsing/src/utm_parser.cpp:76:57:[m[K [01;31m[Kerror: [m[Kâ€˜[01m[Knmea_data_transformer[m[Kâ€™ is not a member of â€˜[01m[KNmeaSubscriber[m[Kâ€™
   76 |             "nmea_data", 10, std::bind(&NmeaSubscriber::[01;31m[Knmea_data_transformer[m[K, this, std::placeholders::_1));
      |                                                         [01;31m[K^~~~~~~~~~~~~~~~~~~~~[m[K
[01m[K/home/sunny/ros2_ws/src/cpp_parsing/src/utm_parser.cpp:[m[K In member function â€˜[01m[Kvoid NmeaSubscriber::nmeaDataTransformer(const String&)[m[Kâ€™:
[01m[K/home/sunny/ros2_ws/src/cpp_parsing/src/utm_parser.cpp:86:25:[m[K [01;31m[Kerror: [m[Kâ€˜[01m[Kutm_data_[m[Kâ€™ was not declared in this scope; did you mean â€˜[01m[Kutm_data[m[Kâ€™?
   86 |             makeUtmData([01;31m[Kutm_data_[m[K, raw_data, latitude_, longitude_, easting_, northing_);
      |                         [01;31m[K^~~~~~~~~[m[K
      |                         [32m[Kutm_data[m[K
gmake[2]: *** [CMakeFiles/parser.dir/build.make:76: CMakeFiles/parser.dir/src/utm_parser.cpp.o] Error 1
gmake[1]: *** [CMakeFiles/Makefile2:165: CMakeFiles/parser.dir/all] Error 2
gmake: *** [Makefile:146: all] Error 2
