[0.014s] Invoking command in '/home/sunny/ros2_ws/build/cpp_parsing': CMAKE_PREFIX_PATH=/home/sunny/ros2_ws/install/custom_interfaces:/home/sunny/ros2_ws/install/cpp_srvcli:/home/sunny/ros2_ws/install/cpp_pubsub:/home/sunny/ros2_ws/install/tutorial_interfaces:/home/sunny/ros2_ws/install/turtlesim:/home/sunny/ros2_ws/install/polygon_plugins:/home/sunny/ros2_ws/install/polygon_base:/home/sunny/ros2_ws/install/my_package:/home/sunny/ros2_ws/install/more_interfaces:/home/sunny/ros2_ws/install/cpp_parsing:/home/sunny/ros2_ws/install/cpp_proj:/home/sunny/ros2_ws/install/cpp_parameters:/home/sunny/ros2_ws/install/py_proj:/opt/ros/humble LD_LIBRARY_PATH=/home/sunny/ros2_ws/install/custom_interfaces/lib:/home/sunny/ros2_ws/install/tutorial_interfaces/lib:/home/sunny/ros2_ws/install/turtlesim/lib:/home/sunny/ros2_ws/install/polygon_plugins/lib:/home/sunny/ros2_ws/install/more_interfaces/lib:/opt/ros/humble/opt/rviz_ogre_vendor/lib:/opt/ros/humble/lib/x86_64-linux-gnu:/opt/ros/humble/lib /usr/bin/cmake --build /home/sunny/ros2_ws/build/cpp_parsing -- -j12 -l12
[0.055s] [35m[1mConsolidate compiler generated dependencies of target parser[0m
[0.068s] [ 50%] Built target reader
[0.094s] [ 75%] [32mBuilding CXX object CMakeFiles/parser.dir/src/utm_parser.cpp.o[0m
[2.360s] [01m[K/home/sunny/ros2_ws/src/cpp_parsing/src/utm_parser.cpp:152:5:[m[K [01;31m[Kerror: [m[Kâ€˜[01m[KUtm[m[Kâ€™ does not name a type; did you mean â€˜[01m[Ktm[m[Kâ€™?
[2.360s]   152 |     [01;31m[KUtm[m[K utm_data_maker(custom_interfaces::msg::Utm utm_data, const vector<string> raw_data, const double latitude, const double longitude, const double easting, const double northing)
[2.360s]       |     [01;31m[K^~~[m[K
[2.360s]       |     [32m[Ktm[m[K
[2.378s] [01m[K/home/sunny/ros2_ws/src/cpp_parsing/src/utm_parser.cpp:[m[K In member function â€˜[01m[Kvoid NmeaSubscriber::nmea_data_transformer(const String&)[m[Kâ€™:
[2.378s] [01m[K/home/sunny/ros2_ws/src/cpp_parsing/src/utm_parser.cpp:105:24:[m[K [01;31m[Kerror: [m[Kâ€˜[01m[Kutm_data_maker[m[Kâ€™ was not declared in this scope
[2.378s]   105 |             utm_data = [01;31m[Kutm_data_maker[m[K(utm_data, raw_data, latitude, longitude, easting, northing);
[2.378s]       |                        [01;31m[K^~~~~~~~~~~~~~[m[K
[5.044s] gmake[2]: *** [CMakeFiles/parser.dir/build.make:76: CMakeFiles/parser.dir/src/utm_parser.cpp.o] Error 1
[5.044s] gmake[1]: *** [CMakeFiles/Makefile2:165: CMakeFiles/parser.dir/all] Error 2
[5.045s] gmake: *** [Makefile:146: all] Error 2
[5.047s] Invoked command in '/home/sunny/ros2_ws/build/cpp_parsing' returned '2': CMAKE_PREFIX_PATH=/home/sunny/ros2_ws/install/custom_interfaces:/home/sunny/ros2_ws/install/cpp_srvcli:/home/sunny/ros2_ws/install/cpp_pubsub:/home/sunny/ros2_ws/install/tutorial_interfaces:/home/sunny/ros2_ws/install/turtlesim:/home/sunny/ros2_ws/install/polygon_plugins:/home/sunny/ros2_ws/install/polygon_base:/home/sunny/ros2_ws/install/my_package:/home/sunny/ros2_ws/install/more_interfaces:/home/sunny/ros2_ws/install/cpp_parsing:/home/sunny/ros2_ws/install/cpp_proj:/home/sunny/ros2_ws/install/cpp_parameters:/home/sunny/ros2_ws/install/py_proj:/opt/ros/humble LD_LIBRARY_PATH=/home/sunny/ros2_ws/install/custom_interfaces/lib:/home/sunny/ros2_ws/install/tutorial_interfaces/lib:/home/sunny/ros2_ws/install/turtlesim/lib:/home/sunny/ros2_ws/install/polygon_plugins/lib:/home/sunny/ros2_ws/install/more_interfaces/lib:/opt/ros/humble/opt/rviz_ogre_vendor/lib:/opt/ros/humble/lib/x86_64-linux-gnu:/opt/ros/humble/lib /usr/bin/cmake --build /home/sunny/ros2_ws/build/cpp_parsing -- -j12 -l12
