[0.010s] Invoking command in '/home/sunny/ros2_ws/build/cpp_proj': CMAKE_PREFIX_PATH=/opt/ros/humble /usr/bin/cmake --build /home/sunny/ros2_ws/build/cpp_proj -- -j8 -l8
[0.049s] [35m[1mConsolidate compiler generated dependencies of target transpose[0m
[0.061s] [ 50%] [32mBuilding CXX object CMakeFiles/transpose.dir/src/proj_coordinate.cpp.o[0m
[0.356s] [01m[K/home/sunny/ros2_ws/src/cpp_proj/src/proj_coordinate.cpp:[m[K In function â€˜[01m[Kint main()[m[Kâ€™:
[0.357s] [01m[K/home/sunny/ros2_ws/src/cpp_proj/src/proj_coordinate.cpp:72:31:[m[K [01;35m[Kwarning: [m[Kcomparison of integer expressions of different signedness: â€˜[01m[Kint[m[Kâ€™ and â€˜[01m[Kstd::vector<std::__cxx11::basic_string<char> >::size_type[m[Kâ€™ {aka â€˜[01m[Klong unsigned int[m[Kâ€™} [[01;35m[K]8;;https://gcc.gnu.org/onlinedocs/gcc/Warning-Options.html#index-Wsign-compare-Wsign-compare]8;;[m[K]
[0.357s]    72 |             for (int i = 0; [01;35m[Ki < result.size()[m[K; i++) {
[0.357s]       |                             [01;35m[K~~^~~~~~~~~~~~~~~[m[K
[0.357s] [01m[K/home/sunny/ros2_ws/src/cpp_proj/src/proj_coordinate.cpp:75:38:[m[K [01;31m[Kerror: [m[Kcannot convert â€˜[01m[K__gnu_cxx::__alloc_traits<std::allocator<std::__cxx11::basic_string<char> >, std::__cxx11::basic_string<char> >::value_type[m[Kâ€™ {aka â€˜[01m[Kstd::__cxx11::basic_string<char>[m[Kâ€™} to â€˜[01m[Kdouble[m[Kâ€™
[0.357s]    75 |             a = proj_coord([01;31m[Kproj_torad(result[2])[m[K, proj_torad(result[4]), 0, 0);
[0.357s]       |                            [01;31m[K~~~~~~~~~~^~~~~~~~~~~[m[K
[0.357s]       |                                      [01;31m[K|[m[K
[0.357s]       |                                      [01;31m[K__gnu_cxx::__alloc_traits<std::allocator<std::__cxx11::basic_string<char> >, std::__cxx11::basic_string<char> >::value_type {aka std::__cxx11::basic_string<char>}[m[K
[0.357s] In file included from [01m[K/home/sunny/ros2_ws/src/cpp_proj/src/proj_coordinate.cpp:8[m[K:
[0.357s] [01m[K/usr/include/proj.h:704:36:[m[K [01;36m[Knote: [m[K  initializing argument 1 of â€˜[01m[Kdouble proj_torad(double)[m[Kâ€™
[0.357s]   704 | double PROJ_DLL proj_torad ([01;36m[Kdouble angle_in_degrees[m[K);
[0.358s]       |                             [01;36m[K~~~~~~~^~~~~~~~~~~~~~~~[m[K
[0.358s] [01m[K/home/sunny/ros2_ws/src/cpp_proj/src/proj_coordinate.cpp:75:61:[m[K [01;31m[Kerror: [m[Kcannot convert â€˜[01m[K__gnu_cxx::__alloc_traits<std::allocator<std::__cxx11::basic_string<char> >, std::__cxx11::basic_string<char> >::value_type[m[Kâ€™ {aka â€˜[01m[Kstd::__cxx11::basic_string<char>[m[Kâ€™} to â€˜[01m[Kdouble[m[Kâ€™
[0.358s]    75 |             a = proj_coord(proj_torad(result[2]), [01;31m[Kproj_torad(result[4])[m[K, 0, 0);
[0.358s]       |                                                   [01;31m[K~~~~~~~~~~^~~~~~~~~~~[m[K
[0.358s]       |                                                             [01;31m[K|[m[K
[0.358s]       |                                                             [01;31m[K__gnu_cxx::__alloc_traits<std::allocator<std::__cxx11::basic_string<char> >, std::__cxx11::basic_string<char> >::value_type {aka std::__cxx11::basic_string<char>}[m[K
[0.358s] In file included from [01m[K/home/sunny/ros2_ws/src/cpp_proj/src/proj_coordinate.cpp:8[m[K:
[0.358s] [01m[K/usr/include/proj.h:704:36:[m[K [01;36m[Knote: [m[K  initializing argument 1 of â€˜[01m[Kdouble proj_torad(double)[m[Kâ€™
[0.358s]   704 | double PROJ_DLL proj_torad ([01;36m[Kdouble angle_in_degrees[m[K);
[0.358s]       |                             [01;36m[K~~~~~~~^~~~~~~~~~~~~~~~[m[K
[0.358s] [01m[K/home/sunny/ros2_ws/src/cpp_proj/src/proj_coordinate.cpp:60:9:[m[K [01;35m[Kwarning: [m[Kunused variable â€˜[01m[Knorm[m[Kâ€™ [[01;35m[K]8;;https://gcc.gnu.org/onlinedocs/gcc/Warning-Options.html#index-Wunused-variable-Wunused-variable]8;;[m[K]
[0.359s]    60 |     PJ *[01;35m[Knorm[m[K;
[0.359s]       |         [01;35m[K^~~~[m[K
[0.418s] gmake[2]: *** [CMakeFiles/transpose.dir/build.make:76: CMakeFiles/transpose.dir/src/proj_coordinate.cpp.o] Error 1
[0.418s] gmake[1]: *** [CMakeFiles/Makefile2:137: CMakeFiles/transpose.dir/all] Error 2
[0.418s] gmake: *** [Makefile:146: all] Error 2
[0.420s] Invoked command in '/home/sunny/ros2_ws/build/cpp_proj' returned '2': CMAKE_PREFIX_PATH=/opt/ros/humble /usr/bin/cmake --build /home/sunny/ros2_ws/build/cpp_proj -- -j8 -l8
