[0.013s] Invoking command in '/home/sunny/ros2_ws/build/cpp_parsing': CMAKE_PREFIX_PATH=/home/sunny/ros2_ws/install/custom_interfaces:/home/sunny/ros2_ws/install/cpp_srvcli:/home/sunny/ros2_ws/install/cpp_pubsub:/home/sunny/ros2_ws/install/tutorial_interfaces:/home/sunny/ros2_ws/install/turtlesim:/home/sunny/ros2_ws/install/polygon_plugins:/home/sunny/ros2_ws/install/polygon_base:/home/sunny/ros2_ws/install/my_package:/home/sunny/ros2_ws/install/more_interfaces:/home/sunny/ros2_ws/install/cpp_parsing:/home/sunny/ros2_ws/install/cpp_proj:/home/sunny/ros2_ws/install/cpp_parameters:/home/sunny/ros2_ws/install/py_proj:/opt/ros/humble LD_LIBRARY_PATH=/home/sunny/ros2_ws/install/custom_interfaces/lib:/home/sunny/ros2_ws/install/tutorial_interfaces/lib:/home/sunny/ros2_ws/install/turtlesim/lib:/home/sunny/ros2_ws/install/polygon_plugins/lib:/home/sunny/ros2_ws/install/more_interfaces/lib:/opt/ros/humble/opt/rviz_ogre_vendor/lib:/opt/ros/humble/lib/x86_64-linux-gnu:/opt/ros/humble/lib /usr/bin/cmake --build /home/sunny/ros2_ws/build/cpp_parsing -- -j12 -l12
[0.057s] [35m[1mConsolidate compiler generated dependencies of target parser[0m
[0.070s] [ 50%] Built target reader
[0.076s] [ 75%] [32mBuilding CXX object CMakeFiles/parser.dir/src/utm_parser.cpp.o[0m
[2.322s] [01m[K/home/sunny/ros2_ws/src/cpp_parsing/src/utm_parser.cpp:[m[K In member function â€˜[01m[Kvoid NmeaSubscriber::nmea_data_transformer(const String&)[m[Kâ€™:
[2.322s] [01m[K/home/sunny/ros2_ws/src/cpp_parsing/src/utm_parser.cpp:77:13:[m[K [01;31m[Kerror: [m[Kâ€˜[01m[Kutm_data_maker[m[Kâ€™ was not declared in this scope
[2.322s]    77 |             [01;31m[Kutm_data_maker[m[K(utm_data, raw_data, easting, northing);
[2.323s]       |             [01;31m[K^~~~~~~~~~~~~~[m[K
[2.324s] [01m[K/home/sunny/ros2_ws/src/cpp_parsing/src/utm_parser.cpp:[m[K In member function â€˜[01m[Kvoid NmeaSubscriber::format_convert(custom_interfaces::msg::Utm, std::vector<std::__cxx11::basic_string<char> >, double, double)[m[Kâ€™:
[2.324s] [01m[K/home/sunny/ros2_ws/src/cpp_parsing/src/utm_parser.cpp:125:84:[m[K [01;35m[Kwarning: [m[Kunused parameter â€˜[01m[Kraw_data[m[Kâ€™ [[01;35m[K]8;;https://gcc.gnu.org/onlinedocs/gcc/Warning-Options.html#index-Wunused-parameter-Wunused-parameter]8;;[m[K]
[2.324s]   125 |     void format_convert(custom_interfaces::msg::Utm utm_data, [01;35m[Kconst vector<string> raw_data[m[K, const double easting, const double northing)
[2.324s]       |                                                               [01;35m[K~~~~~~~~~~~~~~~~~~~~~^~~~~~~~[m[K
[2.324s] [01m[K/home/sunny/ros2_ws/src/cpp_parsing/src/utm_parser.cpp:125:107:[m[K [01;35m[Kwarning: [m[Kunused parameter â€˜[01m[Keasting[m[Kâ€™ [[01;35m[K]8;;https://gcc.gnu.org/onlinedocs/gcc/Warning-Options.html#index-Wunused-parameter-Wunused-parameter]8;;[m[K]
[2.324s]   125 |     void format_convert(custom_interfaces::msg::Utm utm_data, const vector<string> raw_data, [01;35m[Kconst double easting[m[K, const double northing)
[2.324s]       |                                                                                              [01;35m[K~~~~~~~~~~~~~^~~~~~~[m[K
[2.325s] [01m[K/home/sunny/ros2_ws/src/cpp_parsing/src/utm_parser.cpp:125:129:[m[K [01;35m[Kwarning: [m[Kunused parameter â€˜[01m[Knorthing[m[Kâ€™ [[01;35m[K]8;;https://gcc.gnu.org/onlinedocs/gcc/Warning-Options.html#index-Wunused-parameter-Wunused-parameter]8;;[m[K]
[2.325s]   125 |     void format_convert(custom_interfaces::msg::Utm utm_data, const vector<string> raw_data, const double easting, [01;35m[Kconst double northing[m[K)
[2.325s]       |                                                                                                                    [01;35m[K~~~~~~~~~~~~~^~~~~~~~[m[K
[4.452s] gmake[2]: *** [CMakeFiles/parser.dir/build.make:76: CMakeFiles/parser.dir/src/utm_parser.cpp.o] Error 1
[4.452s] gmake[1]: *** [CMakeFiles/Makefile2:165: CMakeFiles/parser.dir/all] Error 2
[4.452s] gmake: *** [Makefile:146: all] Error 2
[4.455s] Invoked command in '/home/sunny/ros2_ws/build/cpp_parsing' returned '2': CMAKE_PREFIX_PATH=/home/sunny/ros2_ws/install/custom_interfaces:/home/sunny/ros2_ws/install/cpp_srvcli:/home/sunny/ros2_ws/install/cpp_pubsub:/home/sunny/ros2_ws/install/tutorial_interfaces:/home/sunny/ros2_ws/install/turtlesim:/home/sunny/ros2_ws/install/polygon_plugins:/home/sunny/ros2_ws/install/polygon_base:/home/sunny/ros2_ws/install/my_package:/home/sunny/ros2_ws/install/more_interfaces:/home/sunny/ros2_ws/install/cpp_parsing:/home/sunny/ros2_ws/install/cpp_proj:/home/sunny/ros2_ws/install/cpp_parameters:/home/sunny/ros2_ws/install/py_proj:/opt/ros/humble LD_LIBRARY_PATH=/home/sunny/ros2_ws/install/custom_interfaces/lib:/home/sunny/ros2_ws/install/tutorial_interfaces/lib:/home/sunny/ros2_ws/install/turtlesim/lib:/home/sunny/ros2_ws/install/polygon_plugins/lib:/home/sunny/ros2_ws/install/more_interfaces/lib:/opt/ros/humble/opt/rviz_ogre_vendor/lib:/opt/ros/humble/lib/x86_64-linux-gnu:/opt/ros/humble/lib /usr/bin/cmake --build /home/sunny/ros2_ws/build/cpp_parsing -- -j12 -l12
