[0.010s] Invoking command in '/home/sunny/ros2_ws/build/cpp_proj': CMAKE_PREFIX_PATH=/opt/ros/humble /usr/bin/cmake --build /home/sunny/ros2_ws/build/cpp_proj -- -j8 -l8
[0.047s] [35m[1mConsolidate compiler generated dependencies of target transpose[0m
[0.059s] [ 50%] [32mBuilding CXX object CMakeFiles/transpose.dir/src/proj_coordinate.cpp.o[0m
[0.381s] [01m[K/home/sunny/ros2_ws/src/cpp_proj/src/proj_coordinate.cpp:[m[K In function â€˜[01m[Kint main()[m[Kâ€™:
[0.381s] [01m[K/home/sunny/ros2_ws/src/cpp_proj/src/proj_coordinate.cpp:58:5:[m[K [01;31m[Kerror: [m[Kâ€˜[01m[KC[m[Kâ€™ was not declared in this scope
[0.381s]    58 |     [01;31m[KC[m[K = proj_context_create();
[0.381s]       |     [01;31m[K^[m[K
[0.382s] [01m[K/home/sunny/ros2_ws/src/cpp_proj/src/proj_coordinate.cpp:66:31:[m[K [01;35m[Kwarning: [m[Kcomparison of integer expressions of different signedness: â€˜[01m[Kint[m[Kâ€™ and â€˜[01m[Kstd::vector<std::__cxx11::basic_string<char> >::size_type[m[Kâ€™ {aka â€˜[01m[Klong unsigned int[m[Kâ€™} [[01;35m[K]8;;https://gcc.gnu.org/onlinedocs/gcc/Warning-Options.html#index-Wsign-compare-Wsign-compare]8;;[m[K]
[0.382s]    66 |             for (int i = 0; [01;35m[Ki < result.size()[m[K; i++) {
[0.382s]       |                             [01;35m[K~~^~~~~~~~~~~~~~~[m[K
[0.382s] [01m[K/home/sunny/ros2_ws/src/cpp_proj/src/proj_coordinate.cpp:43:11:[m[K [01;35m[Kwarning: [m[Kunused variable â€˜[01m[Kutc[m[Kâ€™ [[01;35m[K]8;;https://gcc.gnu.org/onlinedocs/gcc/Warning-Options.html#index-Wunused-variable-Wunused-variable]8;;[m[K]
[0.382s]    43 |     float [01;35m[Kutc[m[K;
[0.383s]       |           [01;35m[K^~~[m[K
[0.383s] [01m[K/home/sunny/ros2_ws/src/cpp_proj/src/proj_coordinate.cpp:44:11:[m[K [01;35m[Kwarning: [m[Kunused variable â€˜[01m[Klat[m[Kâ€™ [[01;35m[K]8;;https://gcc.gnu.org/onlinedocs/gcc/Warning-Options.html#index-Wunused-variable-Wunused-variable]8;;[m[K]
[0.383s]    44 |     float [01;35m[Klat[m[K;
[0.383s]       |           [01;35m[K^~~[m[K
[0.383s] [01m[K/home/sunny/ros2_ws/src/cpp_proj/src/proj_coordinate.cpp:46:11:[m[K [01;35m[Kwarning: [m[Kunused variable â€˜[01m[Klon[m[Kâ€™ [[01;35m[K]8;;https://gcc.gnu.org/onlinedocs/gcc/Warning-Options.html#index-Wunused-variable-Wunused-variable]8;;[m[K]
[0.383s]    46 |     float [01;35m[Klon[m[K;
[0.383s]       |           [01;35m[K^~~[m[K
[0.383s] [01m[K/home/sunny/ros2_ws/src/cpp_proj/src/proj_coordinate.cpp:48:9:[m[K [01;35m[Kwarning: [m[Kunused variable â€˜[01m[Kquality[m[Kâ€™ [[01;35m[K]8;;https://gcc.gnu.org/onlinedocs/gcc/Warning-Options.html#index-Wunused-variable-Wunused-variable]8;;[m[K]
[0.383s]    48 |     int [01;35m[Kquality[m[K;
[0.383s]       |         [01;35m[K^~~~~~~[m[K
[0.383s] [01m[K/home/sunny/ros2_ws/src/cpp_proj/src/proj_coordinate.cpp:49:9:[m[K [01;35m[Kwarning: [m[Kunused variable â€˜[01m[Knum_satelite[m[Kâ€™ [[01;35m[K]8;;https://gcc.gnu.org/onlinedocs/gcc/Warning-Options.html#index-Wunused-variable-Wunused-variable]8;;[m[K]
[0.384s]    49 |     int [01;35m[Knum_satelite[m[K;
[0.384s]       |         [01;35m[K^~~~~~~~~~~~[m[K
[0.384s] [01m[K/home/sunny/ros2_ws/src/cpp_proj/src/proj_coordinate.cpp:50:11:[m[K [01;35m[Kwarning: [m[Kunused variable â€˜[01m[KHDOP[m[Kâ€™ [[01;35m[K]8;;https://gcc.gnu.org/onlinedocs/gcc/Warning-Options.html#index-Wunused-variable-Wunused-variable]8;;[m[K]
[0.384s]    50 |     float [01;35m[KHDOP[m[K;
[0.384s]       |           [01;35m[K^~~~[m[K
[0.384s] [01m[K/home/sunny/ros2_ws/src/cpp_proj/src/proj_coordinate.cpp:51:11:[m[K [01;35m[Kwarning: [m[Kunused variable â€˜[01m[Kalt[m[Kâ€™ [[01;35m[K]8;;https://gcc.gnu.org/onlinedocs/gcc/Warning-Options.html#index-Wunused-variable-Wunused-variable]8;;[m[K]
[0.384s]    51 |     float [01;35m[Kalt[m[K;
[0.384s]       |           [01;35m[K^~~[m[K
[0.384s] [01m[K/home/sunny/ros2_ws/src/cpp_proj/src/proj_coordinate.cpp:53:11:[m[K [01;35m[Kwarning: [m[Kunused variable â€˜[01m[Ksep[m[Kâ€™ [[01;35m[K]8;;https://gcc.gnu.org/onlinedocs/gcc/Warning-Options.html#index-Wunused-variable-Wunused-variable]8;;[m[K]
[0.384s]    53 |     float [01;35m[Ksep[m[K;
[0.384s]       |           [01;35m[K^~~[m[K
[0.385s] [01m[K/home/sunny/ros2_ws/src/cpp_proj/src/proj_coordinate.cpp:55:11:[m[K [01;35m[Kwarning: [m[Kunused variable â€˜[01m[Kdiff_age[m[Kâ€™ [[01;35m[K]8;;https://gcc.gnu.org/onlinedocs/gcc/Warning-Options.html#index-Wunused-variable-Wunused-variable]8;;[m[K]
[0.385s]    55 |     float [01;35m[Kdiff_age[m[K;
[0.385s]       |           [01;35m[K^~~~~~~~[m[K
[0.427s] gmake[2]: *** [CMakeFiles/transpose.dir/build.make:76: CMakeFiles/transpose.dir/src/proj_coordinate.cpp.o] Error 1
[0.428s] gmake[1]: *** [CMakeFiles/Makefile2:137: CMakeFiles/transpose.dir/all] Error 2
[0.428s] gmake: *** [Makefile:146: all] Error 2
[0.431s] Invoked command in '/home/sunny/ros2_ws/build/cpp_proj' returned '2': CMAKE_PREFIX_PATH=/opt/ros/humble /usr/bin/cmake --build /home/sunny/ros2_ws/build/cpp_proj -- -j8 -l8
