[01m[K/home/sunny/ros2_ws/src/cpp_proj/src/proj_coordinate.cpp:[m[K In function â€˜[01m[Kint main(int, char**)[m[Kâ€™:
[01m[K/home/sunny/ros2_ws/src/cpp_proj/src/proj_coordinate.cpp:8:5:[m[K [01;31m[Kerror: [m[Kâ€˜[01m[Kprintf[m[Kâ€™ was not declared in this scope
    8 |     [01;31m[Kprintf[m[K("test\n");
      |     [01;31m[K^~~~~~[m[K
[01m[K/home/sunny/ros2_ws/src/cpp_proj/src/proj_coordinate.cpp:2:1:[m[K [01;36m[Knote: [m[Kâ€˜[01m[Kprintf[m[Kâ€™ is defined in header â€˜[01m[K<cstdio>[m[Kâ€™; did you forget to â€˜[01m[K#include <cstdio>[m[Kâ€™?
    1 | #include <stdlib.h>
  +++ |+[32m[K#include <cstdio>[m[K
    2 | 
gmake[2]: *** [CMakeFiles/transpose.dir/build.make:76: CMakeFiles/transpose.dir/src/proj_coordinate.cpp.o] Error 1
gmake[1]: *** [CMakeFiles/Makefile2:137: CMakeFiles/transpose.dir/all] Error 2
gmake: *** [Makefile:146: all] Error 2
