[0.014s] Invoking command in '/home/sunny/ros2_ws/build/cpp_parsing': CMAKE_PREFIX_PATH=/home/sunny/ros2_ws/install/custom_interfaces:/home/sunny/ros2_ws/install/cpp_srvcli:/home/sunny/ros2_ws/install/cpp_pubsub:/home/sunny/ros2_ws/install/tutorial_interfaces:/home/sunny/ros2_ws/install/turtlesim:/home/sunny/ros2_ws/install/polygon_plugins:/home/sunny/ros2_ws/install/polygon_base:/home/sunny/ros2_ws/install/my_package:/home/sunny/ros2_ws/install/more_interfaces:/home/sunny/ros2_ws/install/cpp_parsing:/home/sunny/ros2_ws/install/cpp_proj:/home/sunny/ros2_ws/install/cpp_parameters:/home/sunny/ros2_ws/install/py_proj:/opt/ros/humble LD_LIBRARY_PATH=/home/sunny/ros2_ws/install/custom_interfaces/lib:/home/sunny/ros2_ws/install/tutorial_interfaces/lib:/home/sunny/ros2_ws/install/turtlesim/lib:/home/sunny/ros2_ws/install/polygon_plugins/lib:/home/sunny/ros2_ws/install/more_interfaces/lib:/opt/ros/humble/opt/rviz_ogre_vendor/lib:/opt/ros/humble/lib/x86_64-linux-gnu:/opt/ros/humble/lib /usr/bin/cmake --build /home/sunny/ros2_ws/build/cpp_parsing -- -j12 -l12
[0.038s] -- Found ament_cmake: 1.3.9 (/opt/ros/humble/share/ament_cmake/cmake)
[0.239s] -- Found rclcpp: 16.0.9 (/opt/ros/humble/share/rclcpp/cmake)
[0.278s] -- Found rosidl_generator_c: 3.1.5 (/opt/ros/humble/share/rosidl_generator_c/cmake)
[0.279s] -- Found rosidl_adapter: 3.1.5 (/opt/ros/humble/share/rosidl_adapter/cmake)
[0.284s] -- Found rosidl_generator_cpp: 3.1.5 (/opt/ros/humble/share/rosidl_generator_cpp/cmake)
[0.292s] -- Using all available rosidl_typesupport_c: rosidl_typesupport_fastrtps_c;rosidl_typesupport_introspection_c
[0.305s] -- Using all available rosidl_typesupport_cpp: rosidl_typesupport_fastrtps_cpp;rosidl_typesupport_introspection_cpp
[0.350s] -- Found rmw_implementation_cmake: 6.1.2 (/opt/ros/humble/share/rmw_implementation_cmake/cmake)
[0.351s] -- Found rmw_fastrtps_cpp: 6.2.6 (/opt/ros/humble/share/rmw_fastrtps_cpp/cmake)
[0.475s] -- Using RMW implementation 'rmw_fastrtps_cpp' as default
[0.618s] -- Found custom_interfaces: 0.0.0 (/home/sunny/ros2_ws/install/custom_interfaces/share/custom_interfaces/cmake)
[0.646s] -- Found Boost: /usr/lib/x86_64-linux-gnu/cmake/Boost-1.74.0/BoostConfig.cmake (found version "1.74.0") found components: system 
[0.697s] -- Configuring done
[0.708s] -- Generating done
[0.710s] -- Build files have been written to: /home/sunny/ros2_ws/build/cpp_parsing
[0.739s] [35m[1mConsolidate compiler generated dependencies of target parser[0m
[0.740s] [35m[1mConsolidate compiler generated dependencies of target reader[0m
[0.759s] [ 75%] Built target parser
[0.759s] [ 75%] [32mBuilding CXX object CMakeFiles/reader.dir/src/nmea_reader.cpp.o[0m
[3.493s] [01m[K/home/sunny/ros2_ws/src/cpp_parsing/src/nmea_reader.cpp:26:16:[m[K [01;31m[Kerror: [m[Kdeclaration of â€˜[01m[Kboost::asio::io_context NmeaReader::io_context[m[Kâ€™ changes meaning of â€˜[01m[Kio_context[m[Kâ€™ [[01;31m[K]8;;https://gcc.gnu.org/onlinedocs/gcc/Warning-Options.html#index-fpermissive-fpermissive]8;;[m[K]
[3.493s]    26 |     io_context [01;31m[Kio_context[m[K;
[3.493s]       |                [01;31m[K^~~~~~~~~~[m[K
[3.493s] In file included from [01m[K/usr/include/boost/asio/detail/io_object_impl.hpp:23[m[K,
[3.493s]                  from [01m[K/usr/include/boost/asio/basic_socket.hpp:22[m[K,
[3.493s]                  from [01m[K/usr/include/boost/asio/basic_datagram_socket.hpp:20[m[K,
[3.493s]                  from [01m[K/usr/include/boost/asio.hpp:24[m[K,
[3.493s]                  from [01m[K/home/sunny/ros2_ws/src/cpp_parsing/src/nmea_reader.cpp:5[m[K:
[3.493s] [01m[K/usr/include/boost/asio/io_context.hpp:212:7:[m[K [01;36m[Knote: [m[Kâ€˜[01m[Kio_context[m[Kâ€™ declared here as â€˜[01m[Kclass boost::asio::io_context[m[Kâ€™
[3.493s]   212 | class [01;36m[Kio_context[m[K
[3.493s]       |       [01;36m[K^~~~~~~~~~[m[K
[3.500s] [01m[K/home/sunny/ros2_ws/src/cpp_parsing/src/nmea_reader.cpp:[m[K In constructor â€˜[01m[KNmeaReader::NmeaReader()[m[Kâ€™:
[3.500s] [01m[K/home/sunny/ros2_ws/src/cpp_parsing/src/nmea_reader.cpp:18:27:[m[K [01;31m[Kerror: [m[Kâ€˜[01m[Kserail_port_base[m[Kâ€™ has not been declared
[3.500s]    18 |         serial.set_option([01;31m[Kserail_port_base[m[K::baud_rate(brate));
[3.500s]       |                           [01;31m[K^~~~~~~~~~~~~~~~[m[K
[3.502s] [01m[K/home/sunny/ros2_ws/src/cpp_parsing/src/nmea_reader.cpp:[m[K In member function â€˜[01m[Kvoid NmeaReader::start_reading()[m[Kâ€™:
[3.502s] [01m[K/home/sunny/ros2_ws/src/cpp_parsing/src/nmea_reader.cpp:34:103:[m[K [01;31m[Kerror: [m[Kreference to â€˜[01m[Kplaceholders[m[Kâ€™ is ambiguous
[3.502s]    34 | mic_buffer(raw_data), "\n", bind(&NmeaReader::handle_read, this, [01;31m[Kplaceholders[m[K::error, placeholders::bytes_transferred));
[3.502s]       |                                                                  [01;31m[K^~~~~~~~~~~~[m[K
[3.502s] 
[3.502s] In file included from [01m[K/usr/include/boost/asio.hpp:135[m[K,
[3.502s]                  from [01m[K/home/sunny/ros2_ws/src/cpp_parsing/src/nmea_reader.cpp:5[m[K:
[3.503s] [01m[K/usr/include/boost/asio/placeholders.hpp:28:11:[m[K [01;36m[Knote: [m[Kcandidates are: â€˜[01m[Knamespace boost::asio::placeholders { }[m[Kâ€™
[3.503s]    28 | namespace [01;36m[Kplaceholders[m[K {
[3.503s]       |           [01;36m[K^~~~~~~~~~~~[m[K
[3.503s] In file included from [01m[K/usr/include/boost/system/error_code.hpp:19[m[K,
[3.503s]                  from [01m[K/usr/include/boost/asio/detail/throw_error.hpp:19[m[K,
[3.503s]                  from [01m[K/usr/include/boost/asio/detail/impl/posix_event.ipp:23[m[K,
[3.503s]                  from [01m[K/usr/include/boost/asio/detail/posix_event.hpp:172[m[K,
[3.503s]                  from [01m[K/usr/include/boost/asio/detail/event.hpp:25[m[K,
[3.503s]                  from [01m[K/usr/include/boost/asio/execution/blocking_adaptation.hpp:19[m[K,
[3.503s]                  from [01m[K/usr/include/boost/asio/execution.hpp:22[m[K,
[3.503s]                  from [01m[K/usr/include/boost/asio/system_executor.hpp:20[m[K,
[3.503s]                  from [01m[K/usr/include/boost/asio/associated_executor.hpp:22[m[K,
[3.503s]                  from [01m[K/usr/include/boost/asio.hpp:21[m[K,
[3.503s]                  from [01m[K/home/sunny/ros2_ws/src/cpp_parsing/src/nmea_reader.cpp:5[m[K:
[3.503s] [01m[K/usr/include/c++/11/functional:219:13:[m[K [01;36m[Knote: [m[K                â€˜[01m[Knamespace std::placeholders { }[m[Kâ€™
[3.503s]   219 |   namespace [01;36m[Kplaceholders[m[K
[3.503s]       |             [01;36m[K^~~~~~~~~~~~[m[K
[3.503s] [01m[K/home/sunny/ros2_ws/src/cpp_parsing/src/nmea_reader.cpp:34:124:[m[K [01;31m[Kerror: [m[Kreference to â€˜[01m[Kplaceholders[m[Kâ€™ is ambiguous
[3.503s]    34 |  "\n", bind(&NmeaReader::handle_read, this, placeholders::error, [01;31m[Kplaceholders[m[K::bytes_transferred));
[3.504s]       |                                                                  [01;31m[K^~~~~~~~~~~~[m[K
[3.504s] 
[3.504s] In file included from [01m[K/usr/include/boost/asio.hpp:135[m[K,
[3.504s]                  from [01m[K/home/sunny/ros2_ws/src/cpp_parsing/src/nmea_reader.cpp:5[m[K:
[3.504s] [01m[K/usr/include/boost/asio/placeholders.hpp:28:11:[m[K [01;36m[Knote: [m[Kcandidates are: â€˜[01m[Knamespace boost::asio::placeholders { }[m[Kâ€™
[3.504s]    28 | namespace [01;36m[Kplaceholders[m[K {
[3.504s]       |           [01;36m[K^~~~~~~~~~~~[m[K
[3.504s] In file included from [01m[K/usr/include/boost/system/error_code.hpp:19[m[K,
[3.504s]                  from [01m[K/usr/include/boost/asio/detail/throw_error.hpp:19[m[K,
[3.504s]                  from [01m[K/usr/include/boost/asio/detail/impl/posix_event.ipp:23[m[K,
[3.504s]                  from [01m[K/usr/include/boost/asio/detail/posix_event.hpp:172[m[K,
[3.504s]                  from [01m[K/usr/include/boost/asio/detail/event.hpp:25[m[K,
[3.504s]                  from [01m[K/usr/include/boost/asio/execution/blocking_adaptation.hpp:19[m[K,
[3.504s]                  from [01m[K/usr/include/boost/asio/execution.hpp:22[m[K,
[3.504s]                  from [01m[K/usr/include/boost/asio/system_executor.hpp:20[m[K,
[3.504s]                  from [01m[K/usr/include/boost/asio/associated_executor.hpp:22[m[K,
[3.504s]                  from [01m[K/usr/include/boost/asio.hpp:21[m[K,
[3.504s]                  from [01m[K/home/sunny/ros2_ws/src/cpp_parsing/src/nmea_reader.cpp:5[m[K:
[3.504s] [01m[K/usr/include/c++/11/functional:219:13:[m[K [01;36m[Knote: [m[K                â€˜[01m[Knamespace std::placeholders { }[m[Kâ€™
[3.504s]   219 |   namespace [01;36m[Kplaceholders[m[K
[3.505s]       |             [01;36m[K^~~~~~~~~~~~[m[K
[4.711s] gmake[2]: *** [CMakeFiles/reader.dir/build.make:76: CMakeFiles/reader.dir/src/nmea_reader.cpp.o] Error 1
[4.711s] gmake[1]: *** [CMakeFiles/Makefile2:139: CMakeFiles/reader.dir/all] Error 2
[4.711s] gmake: *** [Makefile:146: all] Error 2
[4.714s] Invoked command in '/home/sunny/ros2_ws/build/cpp_parsing' returned '2': CMAKE_PREFIX_PATH=/home/sunny/ros2_ws/install/custom_interfaces:/home/sunny/ros2_ws/install/cpp_srvcli:/home/sunny/ros2_ws/install/cpp_pubsub:/home/sunny/ros2_ws/install/tutorial_interfaces:/home/sunny/ros2_ws/install/turtlesim:/home/sunny/ros2_ws/install/polygon_plugins:/home/sunny/ros2_ws/install/polygon_base:/home/sunny/ros2_ws/install/my_package:/home/sunny/ros2_ws/install/more_interfaces:/home/sunny/ros2_ws/install/cpp_parsing:/home/sunny/ros2_ws/install/cpp_proj:/home/sunny/ros2_ws/install/cpp_parameters:/home/sunny/ros2_ws/install/py_proj:/opt/ros/humble LD_LIBRARY_PATH=/home/sunny/ros2_ws/install/custom_interfaces/lib:/home/sunny/ros2_ws/install/tutorial_interfaces/lib:/home/sunny/ros2_ws/install/turtlesim/lib:/home/sunny/ros2_ws/install/polygon_plugins/lib:/home/sunny/ros2_ws/install/more_interfaces/lib:/opt/ros/humble/opt/rviz_ogre_vendor/lib:/opt/ros/humble/lib/x86_64-linux-gnu:/opt/ros/humble/lib /usr/bin/cmake --build /home/sunny/ros2_ws/build/cpp_parsing -- -j12 -l12
