[0.010s] Invoking command in '/home/sunny/ros2_ws/build/cpp_proj': CMAKE_PREFIX_PATH=/opt/ros/humble /usr/bin/cmake --build /home/sunny/ros2_ws/build/cpp_proj -- -j8 -l8
[0.044s] [35m[1mConsolidate compiler generated dependencies of target transpose[0m
[0.056s] [ 50%] [32mBuilding CXX object CMakeFiles/transpose.dir/src/proj_coordinate.cpp.o[0m
[0.285s] [01m[K/home/sunny/ros2_ws/src/cpp_proj/src/proj_coordinate.cpp:[m[K In function â€˜[01m[Kint main(int, char**)[m[Kâ€™:
[0.285s] [01m[K/home/sunny/ros2_ws/src/cpp_proj/src/proj_coordinate.cpp:15:13:[m[K [01;31m[Kerror: [m[Kâ€˜[01m[Kcout[m[Kâ€™ was not declared in this scope
[0.285s]    15 |             [01;31m[Kcout[m[K << line << endl;
[0.285s]       |             [01;31m[K^~~~[m[K
[0.285s] [01m[K/home/sunny/ros2_ws/src/cpp_proj/src/proj_coordinate.cpp:4:1:[m[K [01;36m[Knote: [m[Kâ€˜[01m[Kstd::cout[m[Kâ€™ is defined in header â€˜[01m[K<iostream>[m[Kâ€™; did you forget to â€˜[01m[K#include <iostream>[m[Kâ€™?
[0.285s]     3 | #include <fstream>
[0.285s]   +++ |+[32m[K#include <iostream>[m[K
[0.285s]     4 | 
[0.285s] [01m[K/home/sunny/ros2_ws/src/cpp_proj/src/proj_coordinate.cpp:7:14:[m[K [01;35m[Kwarning: [m[Kunused parameter â€˜[01m[Kargc[m[Kâ€™ [[01;35m[K]8;;https://gcc.gnu.org/onlinedocs/gcc/Warning-Options.html#index-Wunused-parameter-Wunused-parameter]8;;[m[K]
[0.285s]     7 | int main([01;35m[Kint argc[m[K, char **argv)
[0.285s]       |          [01;35m[K~~~~^~~~[m[K
[0.286s] [01m[K/home/sunny/ros2_ws/src/cpp_proj/src/proj_coordinate.cpp:7:27:[m[K [01;35m[Kwarning: [m[Kunused parameter â€˜[01m[Kargv[m[Kâ€™ [[01;35m[K]8;;https://gcc.gnu.org/onlinedocs/gcc/Warning-Options.html#index-Wunused-parameter-Wunused-parameter]8;;[m[K]
[0.286s]     7 | int main(int argc, [01;35m[Kchar **argv[m[K)
[0.286s]       |                    [01;35m[K~~~~~~~^~~~[m[K
[0.316s] gmake[2]: *** [CMakeFiles/transpose.dir/build.make:76: CMakeFiles/transpose.dir/src/proj_coordinate.cpp.o] Error 1
[0.316s] gmake[1]: *** [CMakeFiles/Makefile2:137: CMakeFiles/transpose.dir/all] Error 2
[0.316s] gmake: *** [Makefile:146: all] Error 2
[0.318s] Invoked command in '/home/sunny/ros2_ws/build/cpp_proj' returned '2': CMAKE_PREFIX_PATH=/opt/ros/humble /usr/bin/cmake --build /home/sunny/ros2_ws/build/cpp_proj -- -j8 -l8
