[0.000000] (-) TimerEvent: {}
[0.000128] (-) JobUnselected: {'identifier': 'cpp_parameters'}
[0.000168] (-) JobUnselected: {'identifier': 'cpp_pubsub'}
[0.000280] (-) JobUnselected: {'identifier': 'cpp_srvcli'}
[0.000828] (-) JobUnselected: {'identifier': 'more_interfaces'}
[0.000867] (-) JobUnselected: {'identifier': 'my_package'}
[0.000923] (-) JobUnselected: {'identifier': 'polygon_base'}
[0.000992] (-) JobUnselected: {'identifier': 'polygon_plugins'}
[0.001018] (-) JobUnselected: {'identifier': 'turtlesim'}
[0.001045] (-) JobUnselected: {'identifier': 'tutorial_interfaces'}
[0.001065] (cpp_proj) JobQueued: {'identifier': 'cpp_proj', 'dependencies': OrderedDict()}
[0.001083] (cpp_proj) JobStarted: {'identifier': 'cpp_proj'}
[0.007075] (cpp_proj) JobProgress: {'identifier': 'cpp_proj', 'progress': 'cmake'}
[0.007602] (cpp_proj) JobProgress: {'identifier': 'cpp_proj', 'progress': 'build'}
[0.008160] (cpp_proj) Command: {'cmd': ['/usr/bin/cmake', '--build', '/home/sunny/ros2_ws/build/cpp_proj', '--', '-j8', '-l8'], 'cwd': '/home/sunny/ros2_ws/build/cpp_proj', 'env': OrderedDict([('GJS_DEBUG_TOPICS', 'JS ERROR;JS LOG'), ('LESSOPEN', '| /usr/bin/lesspipe %s'), ('LANGUAGE', 'en'), ('USER', 'sunny'), ('LC_TIME', 'en_US.UTF-8'), ('XDG_SESSION_TYPE', 'wayland'), ('GIT_ASKPASS', '/usr/share/code/resources/app/extensions/git/dist/askpass.sh'), ('SHLVL', '1'), ('LD_LIBRARY_PATH', '/opt/ros/humble/opt/rviz_ogre_vendor/lib:/opt/ros/humble/lib/x86_64-linux-gnu:/opt/ros/humble/lib'), ('HOME', '/home/sunny'), ('CHROME_DESKTOP', 'code-url-handler.desktop'), ('OLDPWD', '/home/sunny/ros2_ws/src'), ('TERM_PROGRAM_VERSION', '1.91.1'), ('DESKTOP_SESSION', 'ubuntu'), ('GIO_LAUNCHED_DESKTOP_FILE', '/usr/share/applications/code.desktop'), ('ROS_PYTHON_VERSION', '3'), ('GNOME_SHELL_SESSION_MODE', 'ubuntu'), ('GTK_MODULES', 'gail:atk-bridge'), ('VSCODE_GIT_ASKPASS_MAIN', '/usr/share/code/resources/app/extensions/git/dist/askpass-main.js'), ('LC_MONETARY', 'en_US.UTF-8'), ('VSCODE_GIT_ASKPASS_NODE', '/usr/share/code/code'), ('MANAGERPID', '1307'), ('SYSTEMD_EXEC_PID', '1485'), ('IM_CONFIG_CHECK_ENV', '1'), ('DBUS_SESSION_BUS_ADDRESS', 'unix:path=/run/user/1000/bus'), ('COLORTERM', 'truecolor'), ('GIO_LAUNCHED_DESKTOP_FILE_PID', '3584'), ('_colcon_cd_root', '/opt/ros/humble/'), ('IM_CONFIG_PHASE', '1'), ('WAYLAND_DISPLAY', 'wayland-0'), ('ROS_DISTRO', 'humble'), ('LOGNAME', 'sunny'), ('JOURNAL_STREAM', '8:29981'), ('_', '/usr/bin/colcon'), ('ROS_VERSION', '2'), ('XDG_SESSION_CLASS', 'user'), ('USERNAME', 'sunny'), ('TERM', 'xterm-256color'), ('GNOME_DESKTOP_SESSION_ID', 'this-is-deprecated'), ('ROS_LOCALHOST_ONLY', '1'), ('PATH', '/opt/ros/humble/bin:/usr/local/sbin:/usr/local/bin:/usr/sbin:/usr/bin:/sbin:/bin:/usr/games:/usr/local/games:/snap/bin:/snap/bin'), ('SESSION_MANAGER', 'local/sunny-H270-Gaming-3:@/tmp/.ICE-unix/1459,unix/sunny-H270-Gaming-3:/tmp/.ICE-unix/1459'), ('INVOCATION_ID', 'ee446dc96437405b92ecf3f950f8b087'), ('PAPERSIZE', 'letter'), ('XDG_MENU_PREFIX', 'gnome-'), ('LC_ADDRESS', 'en_US.UTF-8'), ('GNOME_SETUP_DISPLAY', ':1'), ('XDG_RUNTIME_DIR', '/run/user/1000'), ('GDK_BACKEND', 'x11'), ('DISPLAY', ':0'), ('LANG', 'en_US.UTF-8'), ('XDG_CURRENT_DESKTOP', 'Unity'), ('LC_TELEPHONE', 'en_US.UTF-8'), ('XMODIFIERS', '@im=ibus'), ('XDG_SESSION_DESKTOP', 'ubuntu'), ('XAUTHORITY', '/run/user/1000/.mutter-Xwaylandauth.6USVR2'), ('LS_COLORS', 'rs=0:di=01;34:ln=01;36:mh=00:pi=40;33:so=01;35:do=01;35:bd=40;33;01:cd=40;33;01:or=40;31;01:mi=00:su=37;41:sg=30;43:ca=30;41:tw=30;42:ow=34;42:st=37;44:ex=01;32:*.tar=01;31:*.tgz=01;31:*.arc=01;31:*.arj=01;31:*.taz=01;31:*.lha=01;31:*.lz4=01;31:*.lzh=01;31:*.lzma=01;31:*.tlz=01;31:*.txz=01;31:*.tzo=01;31:*.t7z=01;31:*.zip=01;31:*.z=01;31:*.dz=01;31:*.gz=01;31:*.lrz=01;31:*.lz=01;31:*.lzo=01;31:*.xz=01;31:*.zst=01;31:*.tzst=01;31:*.bz2=01;31:*.bz=01;31:*.tbz=01;31:*.tbz2=01;31:*.tz=01;31:*.deb=01;31:*.rpm=01;31:*.jar=01;31:*.war=01;31:*.ear=01;31:*.sar=01;31:*.rar=01;31:*.alz=01;31:*.ace=01;31:*.zoo=01;31:*.cpio=01;31:*.7z=01;31:*.rz=01;31:*.cab=01;31:*.wim=01;31:*.swm=01;31:*.dwm=01;31:*.esd=01;31:*.jpg=01;35:*.jpeg=01;35:*.mjpg=01;35:*.mjpeg=01;35:*.gif=01;35:*.bmp=01;35:*.pbm=01;35:*.pgm=01;35:*.ppm=01;35:*.tga=01;35:*.xbm=01;35:*.xpm=01;35:*.tif=01;35:*.tiff=01;35:*.png=01;35:*.svg=01;35:*.svgz=01;35:*.mng=01;35:*.pcx=01;35:*.mov=01;35:*.mpg=01;35:*.mpeg=01;35:*.m2v=01;35:*.mkv=01;35:*.webm=01;35:*.webp=01;35:*.ogm=01;35:*.mp4=01;35:*.m4v=01;35:*.mp4v=01;35:*.vob=01;35:*.qt=01;35:*.nuv=01;35:*.wmv=01;35:*.asf=01;35:*.rm=01;35:*.rmvb=01;35:*.flc=01;35:*.avi=01;35:*.fli=01;35:*.flv=01;35:*.gl=01;35:*.dl=01;35:*.xcf=01;35:*.xwd=01;35:*.yuv=01;35:*.cgm=01;35:*.emf=01;35:*.ogv=01;35:*.ogx=01;35:*.aac=00;36:*.au=00;36:*.flac=00;36:*.m4a=00;36:*.mid=00;36:*.midi=00;36:*.mka=00;36:*.mp3=00;36:*.mpc=00;36:*.ogg=00;36:*.ra=00;36:*.wav=00;36:*.oga=00;36:*.opus=00;36:*.spx=00;36:*.xspf=00;36:'), ('VSCODE_GIT_IPC_HANDLE', '/run/user/1000/vscode-git-97d0f40c8b.sock'), ('TERM_PROGRAM', 'vscode'), ('SSH_AGENT_LAUNCHER', 'gnome-keyring'), ('SSH_AUTH_SOCK', '/run/user/1000/keyring/ssh'), ('AMENT_PREFIX_PATH', '/opt/ros/humble'), ('ORIGINAL_XDG_CURRENT_DESKTOP', 'ubuntu:GNOME'), ('SHELL', '/bin/bash'), ('LC_NAME', 'en_US.UTF-8'), ('QT_ACCESSIBILITY', '1'), ('GDMSESSION', 'ubuntu'), ('LESSCLOSE', '/usr/bin/lesspipe %s %s'), ('LC_MEASUREMENT', 'en_US.UTF-8'), ('GJS_DEBUG_OUTPUT', 'stderr'), ('LC_IDENTIFICATION', 'en_US.UTF-8'), ('VSCODE_GIT_ASKPASS_EXTRA_ARGS', ''), ('QT_IM_MODULE', 'ibus'), ('PWD', '/home/sunny/ros2_ws/build/cpp_proj'), ('LC_ALL', 'en_US.UTF-8'), ('XDG_CONFIG_DIRS', '/etc/xdg/xdg-ubuntu:/etc/xdg'), ('XDG_DATA_DIRS', '/usr/share/ubuntu:/home/sunny/.local/share/flatpak/exports/share:/var/lib/flatpak/exports/share:/usr/local/share/:/usr/share/:/var/lib/snapd/desktop'), ('PYTHONPATH', '/opt/ros/humble/lib/python3.10/site-packages:/opt/ros/humble/local/lib/python3.10/dist-packages'), ('LC_NUMERIC', 'en_US.UTF-8'), ('LC_PAPER', 'en_US.UTF-8'), ('COLCON', '1'), ('CMAKE_PREFIX_PATH', '/opt/ros/humble')]), 'shell': False}
[0.029316] (cpp_proj) StdoutLine: {'line': b'-- Found ament_cmake: 1.3.9 (/opt/ros/humble/share/ament_cmake/cmake)\n'}
[0.099774] (-) TimerEvent: {}
[0.153856] (cpp_proj) StdoutLine: {'line': b'-- Found rclcpp: 16.0.9 (/opt/ros/humble/share/rclcpp/cmake)\n'}
[0.197562] (cpp_proj) StdoutLine: {'line': b'-- Found rosidl_generator_c: 3.1.5 (/opt/ros/humble/share/rosidl_generator_c/cmake)\n'}
[0.199858] (-) TimerEvent: {}
[0.202538] (cpp_proj) StdoutLine: {'line': b'-- Found rosidl_adapter: 3.1.5 (/opt/ros/humble/share/rosidl_adapter/cmake)\n'}
[0.213252] (cpp_proj) StdoutLine: {'line': b'-- Found rosidl_generator_cpp: 3.1.5 (/opt/ros/humble/share/rosidl_generator_cpp/cmake)\n'}
[0.228911] (cpp_proj) StdoutLine: {'line': b'-- Using all available rosidl_typesupport_c: rosidl_typesupport_fastrtps_c;rosidl_typesupport_introspection_c\n'}
[0.249671] (cpp_proj) StdoutLine: {'line': b'-- Using all available rosidl_typesupport_cpp: rosidl_typesupport_fastrtps_cpp;rosidl_typesupport_introspection_cpp\n'}
[0.299970] (-) TimerEvent: {}
[0.320818] (cpp_proj) StdoutLine: {'line': b'-- Found rmw_implementation_cmake: 6.1.2 (/opt/ros/humble/share/rmw_implementation_cmake/cmake)\n'}
[0.323551] (cpp_proj) StdoutLine: {'line': b'-- Found rmw_fastrtps_cpp: 6.2.6 (/opt/ros/humble/share/rmw_fastrtps_cpp/cmake)\n'}
[0.400083] (-) TimerEvent: {}
[0.414393] (cpp_proj) StdoutLine: {'line': b'-- Found OpenSSL: /usr/lib/x86_64-linux-gnu/libcrypto.so (found version "3.0.2")  \n'}
[0.437144] (cpp_proj) StdoutLine: {'line': b'-- Found FastRTPS: /opt/ros/humble/include  \n'}
[0.477081] (cpp_proj) StdoutLine: {'line': b"-- Using RMW implementation 'rmw_fastrtps_cpp' as default\n"}
[0.486519] (cpp_proj) StdoutLine: {'line': b'-- Looking for pthread.h\n'}
[0.500199] (-) TimerEvent: {}
[0.554386] (cpp_proj) StdoutLine: {'line': b'-- Looking for pthread.h - found\n'}
[0.554700] (cpp_proj) StdoutLine: {'line': b'-- Performing Test CMAKE_HAVE_LIBC_PTHREAD\n'}
[0.600327] (-) TimerEvent: {}
[0.619879] (cpp_proj) StdoutLine: {'line': b'-- Performing Test CMAKE_HAVE_LIBC_PTHREAD - Success\n'}
[0.620799] (cpp_proj) StdoutLine: {'line': b'-- Found Threads: TRUE  \n'}
[0.700435] (-) TimerEvent: {}
[0.800684] (-) TimerEvent: {}
[0.849102] (cpp_proj) StdoutLine: {'line': b'-- Configuring done\n'}
[0.856222] (cpp_proj) StdoutLine: {'line': b'-- Generating done\n'}
[0.858037] (cpp_proj) StdoutLine: {'line': b'-- Build files have been written to: /home/sunny/ros2_ws/build/cpp_proj\n'}
[0.887328] (cpp_proj) StdoutLine: {'line': b'[ 50%] \x1b[32mBuilding CXX object CMakeFiles/transpose.dir/src/proj_coordinate.cpp.o\x1b[0m\n'}
[0.900771] (-) TimerEvent: {}
[0.921871] (cpp_proj) StderrLine: {'line': b'\x1b[01m\x1b[K/home/sunny/ros2_ws/src/cpp_proj/src/proj_coordinate.cpp:\x1b[m\x1b[K In function \xe2\x80\x98\x1b[01m\x1b[Kint main(int, char**)\x1b[m\x1b[K\xe2\x80\x99:\n'}
[0.922073] (cpp_proj) StderrLine: {'line': b'\x1b[01m\x1b[K/home/sunny/ros2_ws/src/cpp_proj/src/proj_coordinate.cpp:8:5:\x1b[m\x1b[K \x1b[01;31m\x1b[Kerror: \x1b[m\x1b[K\xe2\x80\x98\x1b[01m\x1b[Kprintf\x1b[m\x1b[K\xe2\x80\x99 was not declared in this scope\n'}
[0.922178] (cpp_proj) StderrLine: {'line': b'    8 |     \x1b[01;31m\x1b[Kprintf\x1b[m\x1b[K("test\\n");\n'}
[0.922325] (cpp_proj) StderrLine: {'line': b'      |     \x1b[01;31m\x1b[K^~~~~~\x1b[m\x1b[K\n'}
[0.922424] (cpp_proj) StderrLine: {'line': b'\x1b[01m\x1b[K/home/sunny/ros2_ws/src/cpp_proj/src/proj_coordinate.cpp:2:1:\x1b[m\x1b[K \x1b[01;36m\x1b[Knote: \x1b[m\x1b[K\xe2\x80\x98\x1b[01m\x1b[Kprintf\x1b[m\x1b[K\xe2\x80\x99 is defined in header \xe2\x80\x98\x1b[01m\x1b[K<cstdio>\x1b[m\x1b[K\xe2\x80\x99; did you forget to \xe2\x80\x98\x1b[01m\x1b[K#include <cstdio>\x1b[m\x1b[K\xe2\x80\x99?\n'}
[0.922491] (cpp_proj) StderrLine: {'line': b'    1 | #include <stdlib.h>\n'}
[0.922547] (cpp_proj) StderrLine: {'line': b'  +++ |+\x1b[32m\x1b[K#include <cstdio>\x1b[m\x1b[K\n'}
[0.922601] (cpp_proj) StderrLine: {'line': b'    2 | \n'}
[0.923532] (cpp_proj) StderrLine: {'line': b'gmake[2]: *** [CMakeFiles/transpose.dir/build.make:76: CMakeFiles/transpose.dir/src/proj_coordinate.cpp.o] Error 1\n'}
[0.923752] (cpp_proj) StderrLine: {'line': b'gmake[1]: *** [CMakeFiles/Makefile2:137: CMakeFiles/transpose.dir/all] Error 2\n'}
[0.923865] (cpp_proj) StderrLine: {'line': b'gmake: *** [Makefile:146: all] Error 2\n'}
[0.925770] (cpp_proj) CommandEnded: {'returncode': 2}
[0.956131] (cpp_proj) JobEnded: {'identifier': 'cpp_proj', 'rc': 2}
[0.966700] (-) EventReactorShutdown: {}
