[35m[1mConsolidate compiler generated dependencies of target parser[0m
[ 50%] Built target reader
[ 75%] [32mBuilding CXX object CMakeFiles/parser.dir/src/utm_parser.cpp.o[0m
[01m[K/home/sunny/ros2_ws/src/cpp_parsing/src/utm_parser.cpp:[m[K In lambda function:
[01m[K/home/sunny/ros2_ws/src/cpp_parsing/src/utm_parser.cpp:26:105:[m[K [01;31m[Kerror: [m[Kexpected â€˜[01m[K;[m[Kâ€™ before â€˜[01m[K}[m[Kâ€™ token
   26 |             "nmea_data", 10, [this](std_msgs::msg::String::SharedPtr msg) {this->nmea_data_transformer()[01;31m[K}[m[K);
      |                                                                                                         [01;31m[K^[m[K
[01m[K/home/sunny/ros2_ws/src/cpp_parsing/src/utm_parser.cpp:26:70:[m[K [01;35m[Kwarning: [m[Kunused parameter â€˜[01m[Kmsg[m[Kâ€™ [[01;35m[K]8;;https://gcc.gnu.org/onlinedocs/gcc/Warning-Options.html#index-Wunused-parameter-Wunused-parameter]8;;[m[K]
   26 |             "nmea_data", 10, [this]([01;35m[Kstd_msgs::msg::String::SharedPtr msg[m[K) {this->nmea_data_transformer()});
      |                                     [01;35m[K~~~~~~~~~~~~~~~~~~~~~~~~~~~~~~~~~^~~[m[K
gmake[2]: *** [CMakeFiles/parser.dir/build.make:76: CMakeFiles/parser.dir/src/utm_parser.cpp.o] Error 1
gmake[1]: *** [CMakeFiles/Makefile2:165: CMakeFiles/parser.dir/all] Error 2
gmake: *** [Makefile:146: all] Error 2
