[0.012s] Invoking command in '/home/sunny/ros2_ws/build/cpp_proj': CMAKE_PREFIX_PATH=/opt/ros/humble /usr/bin/cmake --build /home/sunny/ros2_ws/build/cpp_proj -- -j8 -l8
[0.050s] [35m[1mConsolidate compiler generated dependencies of target transpose[0m
[0.062s] [ 50%] [32mBuilding CXX object CMakeFiles/transpose.dir/src/proj_coordinate.cpp.o[0m
[0.349s] [01m[K/home/sunny/ros2_ws/src/cpp_proj/src/proj_coordinate.cpp:[m[K In function â€˜[01m[Kint main()[m[Kâ€™:
[0.349s] [01m[K/home/sunny/ros2_ws/src/cpp_proj/src/proj_coordinate.cpp:72:31:[m[K [01;35m[Kwarning: [m[Kcomparison of integer expressions of different signedness: â€˜[01m[Kint[m[Kâ€™ and â€˜[01m[Kstd::vector<std::__cxx11::basic_string<char> >::size_type[m[Kâ€™ {aka â€˜[01m[Klong unsigned int[m[Kâ€™} [[01;35m[K]8;;https://gcc.gnu.org/onlinedocs/gcc/Warning-Options.html#index-Wsign-compare-Wsign-compare]8;;[m[K]
[0.349s]    72 |             for (int i = 0; [01;35m[Ki < result.size()[m[K; i++) {
[0.349s]       |                             [01;35m[K~~^~~~~~~~~~~~~~~[m[K
[0.350s] [01m[K/home/sunny/ros2_ws/src/cpp_proj/src/proj_coordinate.cpp:93:30:[m[K [01;31m[Kerror: [m[Kinvalid operands of types â€˜[01m[Kdouble[m[Kâ€™ and â€˜[01m[K<unresolved overloaded function type>[m[Kâ€™ to binary â€˜[01m[Koperator<<[m[Kâ€™
[0.350s]    93 |             cout << lat, [01;31m[Klon << endl[m[K;
[0.350s]       |                          [01;31m[K~~~~^~~~~~~[m[K
[0.351s] [01m[K/home/sunny/ros2_ws/src/cpp_proj/src/proj_coordinate.cpp:60:9:[m[K [01;35m[Kwarning: [m[Kunused variable â€˜[01m[Knorm[m[Kâ€™ [[01;35m[K]8;;https://gcc.gnu.org/onlinedocs/gcc/Warning-Options.html#index-Wunused-variable-Wunused-variable]8;;[m[K]
[0.351s]    60 |     PJ *[01;35m[Knorm[m[K;
[0.351s]       |         [01;35m[K^~~~[m[K
[0.392s] gmake[2]: *** [CMakeFiles/transpose.dir/build.make:76: CMakeFiles/transpose.dir/src/proj_coordinate.cpp.o] Error 1
[0.392s] gmake[1]: *** [CMakeFiles/Makefile2:137: CMakeFiles/transpose.dir/all] Error 2
[0.393s] gmake: *** [Makefile:146: all] Error 2
[0.395s] Invoked command in '/home/sunny/ros2_ws/build/cpp_proj' returned '2': CMAKE_PREFIX_PATH=/opt/ros/humble /usr/bin/cmake --build /home/sunny/ros2_ws/build/cpp_proj -- -j8 -l8
