[0.011s] Invoking command in '/home/sunny/ros2_ws/build/cpp_proj': CMAKE_PREFIX_PATH=/opt/ros/humble /usr/bin/cmake --build /home/sunny/ros2_ws/build/cpp_proj -- -j8 -l8
[0.051s] [35m[1mConsolidate compiler generated dependencies of target transpose[0m
[0.064s] [ 50%] [32mBuilding CXX object CMakeFiles/transpose.dir/src/proj_coordinate.cpp.o[0m
[0.413s] [01m[K/home/sunny/ros2_ws/src/cpp_proj/src/proj_coordinate.cpp:[m[K In function â€˜[01m[Kint main()[m[Kâ€™:
[0.413s] [01m[K/home/sunny/ros2_ws/src/cpp_proj/src/proj_coordinate.cpp:73:31:[m[K [01;35m[Kwarning: [m[Kcomparison of integer expressions of different signedness: â€˜[01m[Kint[m[Kâ€™ and â€˜[01m[Kstd::vector<std::__cxx11::basic_string<char> >::size_type[m[Kâ€™ {aka â€˜[01m[Klong unsigned int[m[Kâ€™} [[01;35m[K]8;;https://gcc.gnu.org/onlinedocs/gcc/Warning-Options.html#index-Wsign-compare-Wsign-compare]8;;[m[K]
[0.413s]    73 |             for (int i = 0; [01;35m[Ki < result.size()[m[K; i++) {
[0.413s]       |                             [01;35m[K~~^~~~~~~~~~~~~~~[m[K
[0.415s] [01m[K/home/sunny/ros2_ws/src/cpp_proj/src/proj_coordinate.cpp:97:44:[m[K [01;31m[Kerror: [m[Kexpected â€˜[01m[K([m[Kâ€™ before â€˜[01m[Klon[m[Kâ€™
[0.415s]    97 |             a = proj_coord(static_cast<int>[01;31m[Kl[m[K[32m[Kon[m[K, static_cast<int>lat, 0, 0); // 472
[0.415s]       |                                            [01;31m[K^[m[K[32m[K~~[m[K
[0.415s]       |                                            [32m[K([m[K
[0.415s] [01m[K/home/sunny/ros2_ws/src/cpp_proj/src/proj_coordinate.cpp:97:65:[m[K [01;31m[Kerror: [m[Kexpected â€˜[01m[K([m[Kâ€™ before â€˜[01m[Klat[m[Kâ€™
[0.415s]    97 |             a = proj_coord(static_cast<int>lon, static_cast<int>[01;31m[Kl[m[K[32m[Kat[m[K, 0, 0); // 472
[0.415s]       |                                                                 [01;31m[K^[m[K[32m[K~~[m[K
[0.415s]       |                                                                 [32m[K([m[K
[0.416s] [01m[K/home/sunny/ros2_ws/src/cpp_proj/src/proj_coordinate.cpp:97:65:[m[K [01;35m[Kwarning: [m[Kleft operand of comma operator has no effect [[01;35m[K]8;;https://gcc.gnu.org/onlinedocs/gcc/Warning-Options.html#index-Wunused-value-Wunused-value]8;;[m[K]
[0.416s]    97 |             a = proj_coord(static_cast<int>lon, static_cast<int>[01;35m[Klat[m[K, 0, 0); // 472
[0.416s]       |                                                                 [01;35m[K^~~[m[K
[0.416s] [01m[K/home/sunny/ros2_ws/src/cpp_proj/src/proj_coordinate.cpp:97:73:[m[K [01;35m[Kwarning: [m[Kright operand of comma operator has no effect [[01;35m[K]8;;https://gcc.gnu.org/onlinedocs/gcc/Warning-Options.html#index-Wunused-value-Wunused-value]8;;[m[K]
[0.416s]    97 |             a = proj_coord(static_cast<int>lon, static_cast<int>lat, 0, [01;35m[K0[m[K); // 472
[0.416s]       |                                                                         [01;35m[K^[m[K
[0.416s] [01m[K/home/sunny/ros2_ws/src/cpp_proj/src/proj_coordinate.cpp:97:44:[m[K [01;35m[Kwarning: [m[Kleft operand of comma operator has no effect [[01;35m[K]8;;https://gcc.gnu.org/onlinedocs/gcc/Warning-Options.html#index-Wunused-value-Wunused-value]8;;[m[K]
[0.416s]    97 |             a = proj_coord(static_cast<int>[01;35m[Klon[m[K, static_cast<int>lat, 0, 0); // 472
[0.417s]       |                                            [01;35m[K^~~[m[K
[0.417s] [01m[K/home/sunny/ros2_ws/src/cpp_proj/src/proj_coordinate.cpp:97:75:[m[K [01;31m[Kerror: [m[Kexpected â€˜[01m[K)[m[Kâ€™ before â€˜[01m[K;[m[Kâ€™ token
[0.417s]    97 |             a = proj_coord(static_cast<int>lon, static_cast<int>lat, 0, 0)[01;31m[K;[m[K // 472
[0.417s]       |                                                                           [01;31m[K^[m[K
[0.417s]       |                                                                           [32m[K)[m[K
[0.417s] [01m[K/home/sunny/ros2_ws/src/cpp_proj/src/proj_coordinate.cpp:97:75:[m[K [01;31m[Kerror: [m[Kexpected â€˜[01m[K)[m[Kâ€™ before â€˜[01m[K;[m[Kâ€™ token
[0.417s]    97 |             a = proj_coord[34m[K([m[Kstatic_cast<int>lon, static_cast<int>lat, 0, 0)[01;31m[K;[m[K // 472
[0.417s]       |                           [34m[K~[m[K                                               [01;31m[K^[m[K
[0.417s]       |                                                                           [32m[K)[m[K
[0.417s] [01m[K/home/sunny/ros2_ws/src/cpp_proj/src/proj_coordinate.cpp:60:9:[m[K [01;35m[Kwarning: [m[Kunused variable â€˜[01m[Knorm[m[Kâ€™ [[01;35m[K]8;;https://gcc.gnu.org/onlinedocs/gcc/Warning-Options.html#index-Wunused-variable-Wunused-variable]8;;[m[K]
[0.417s]    60 |     PJ *[01;35m[Knorm[m[K;
[0.417s]       |         [01;35m[K^~~~[m[K
[0.461s] gmake[2]: *** [CMakeFiles/transpose.dir/build.make:76: CMakeFiles/transpose.dir/src/proj_coordinate.cpp.o] Error 1
[0.462s] gmake[1]: *** [CMakeFiles/Makefile2:137: CMakeFiles/transpose.dir/all] Error 2
[0.462s] gmake: *** [Makefile:146: all] Error 2
[0.464s] Invoked command in '/home/sunny/ros2_ws/build/cpp_proj' returned '2': CMAKE_PREFIX_PATH=/opt/ros/humble /usr/bin/cmake --build /home/sunny/ros2_ws/build/cpp_proj -- -j8 -l8
