[0.013s] Invoking command in '/home/sunny/ros2_ws/build/cpp_parsing': CMAKE_PREFIX_PATH=/home/sunny/ros2_ws/install/custom_interfaces:/home/sunny/ros2_ws/install/cpp_srvcli:/home/sunny/ros2_ws/install/cpp_pubsub:/home/sunny/ros2_ws/install/tutorial_interfaces:/home/sunny/ros2_ws/install/turtlesim:/home/sunny/ros2_ws/install/polygon_plugins:/home/sunny/ros2_ws/install/polygon_base:/home/sunny/ros2_ws/install/my_package:/home/sunny/ros2_ws/install/more_interfaces:/home/sunny/ros2_ws/install/cpp_parsing:/home/sunny/ros2_ws/install/cpp_proj:/home/sunny/ros2_ws/install/cpp_parameters:/home/sunny/ros2_ws/install/py_proj:/opt/ros/humble LD_LIBRARY_PATH=/home/sunny/ros2_ws/install/custom_interfaces/lib:/home/sunny/ros2_ws/install/tutorial_interfaces/lib:/home/sunny/ros2_ws/install/turtlesim/lib:/home/sunny/ros2_ws/install/polygon_plugins/lib:/home/sunny/ros2_ws/install/more_interfaces/lib:/opt/ros/humble/opt/rviz_ogre_vendor/lib:/opt/ros/humble/lib/x86_64-linux-gnu:/opt/ros/humble/lib /usr/bin/cmake --build /home/sunny/ros2_ws/build/cpp_parsing -- -j12 -l12
[0.057s] [35m[1mConsolidate compiler generated dependencies of target parser[0m
[0.070s] [ 50%] Built target reader
[0.076s] [ 75%] [32mBuilding CXX object CMakeFiles/parser.dir/src/utm_parser.cpp.o[0m
[2.211s] [01m[K/home/sunny/ros2_ws/src/cpp_parsing/src/utm_parser.cpp:[m[K In member function â€˜[01m[Kvoid NmeaSubscriber::nmea_data_transformer(const String&)[m[Kâ€™:
[2.211s] [01m[K/home/sunny/ros2_ws/src/cpp_parsing/src/utm_parser.cpp:77:27:[m[K [01;31m[Kerror: [m[Kno matching function for call to â€˜[01m[KNmeaSubscriber::utm_data_maker(custom_interfaces::msg::Utm&, std::vector<std::__cxx11::basic_string<char> >&, double&, double&)[m[Kâ€™
[2.211s]    77 |             [01;31m[Kutm_data_maker(utm_data, raw_data, easting, northing)[m[K;
[2.211s]       |             [01;31m[K~~~~~~~~~~~~~~^~~~~~~~~~~~~~~~~~~~~~~~~~~~~~~~~~~~~~~[m[K
[2.211s] [01m[K/home/sunny/ros2_ws/src/cpp_parsing/src/utm_parser.cpp:125:10:[m[K [01;36m[Knote: [m[Kcandidate: â€˜[01m[Kvoid NmeaSubscriber::utm_data_maker(custom_interfaces::msg::Utm, std::vector<std::__cxx11::basic_string<char> >, double, double, double, double)[m[Kâ€™
[2.212s]   125 |     void [01;36m[Kutm_data_maker[m[K(custom_interfaces::msg::Utm utm_data, const vector<string> raw_data, const double latitude, const double longitude, const double easting, const double northing)
[2.212s]       |          [01;36m[K^~~~~~~~~~~~~~[m[K
[2.212s] [01m[K/home/sunny/ros2_ws/src/cpp_parsing/src/utm_parser.cpp:125:10:[m[K [01;36m[Knote: [m[K  candidate expects 6 arguments, 4 provided
[4.347s] gmake[2]: *** [CMakeFiles/parser.dir/build.make:76: CMakeFiles/parser.dir/src/utm_parser.cpp.o] Error 1
[4.347s] gmake[1]: *** [CMakeFiles/Makefile2:165: CMakeFiles/parser.dir/all] Error 2
[4.347s] gmake: *** [Makefile:146: all] Error 2
[4.350s] Invoked command in '/home/sunny/ros2_ws/build/cpp_parsing' returned '2': CMAKE_PREFIX_PATH=/home/sunny/ros2_ws/install/custom_interfaces:/home/sunny/ros2_ws/install/cpp_srvcli:/home/sunny/ros2_ws/install/cpp_pubsub:/home/sunny/ros2_ws/install/tutorial_interfaces:/home/sunny/ros2_ws/install/turtlesim:/home/sunny/ros2_ws/install/polygon_plugins:/home/sunny/ros2_ws/install/polygon_base:/home/sunny/ros2_ws/install/my_package:/home/sunny/ros2_ws/install/more_interfaces:/home/sunny/ros2_ws/install/cpp_parsing:/home/sunny/ros2_ws/install/cpp_proj:/home/sunny/ros2_ws/install/cpp_parameters:/home/sunny/ros2_ws/install/py_proj:/opt/ros/humble LD_LIBRARY_PATH=/home/sunny/ros2_ws/install/custom_interfaces/lib:/home/sunny/ros2_ws/install/tutorial_interfaces/lib:/home/sunny/ros2_ws/install/turtlesim/lib:/home/sunny/ros2_ws/install/polygon_plugins/lib:/home/sunny/ros2_ws/install/more_interfaces/lib:/opt/ros/humble/opt/rviz_ogre_vendor/lib:/opt/ros/humble/lib/x86_64-linux-gnu:/opt/ros/humble/lib /usr/bin/cmake --build /home/sunny/ros2_ws/build/cpp_parsing -- -j12 -l12
