[01m[K/home/sunny/ros2_ws/src/cpp_parsing/src/nmea_reader.cpp:[m[K In member function â€˜[01m[Kvoid RosQtApp::run()[m[Kâ€™:
[01m[K/home/sunny/ros2_ws/src/cpp_parsing/src/nmea_reader.cpp:73:9:[m[K [01;31m[Kerror: [m[Kâ€˜[01m[KQTimer[m[Kâ€™ was not declared in this scope; did you mean â€˜[01m[KQTime[m[Kâ€™?
   73 |         [01;31m[KQTimer[m[K *timer = new QTimer(this);
      |         [01;31m[K^~~~~~[m[K
      |         [32m[KQTime[m[K
[01m[K/home/sunny/ros2_ws/src/cpp_parsing/src/nmea_reader.cpp:73:17:[m[K [01;31m[Kerror: [m[Kâ€˜[01m[Ktimer[m[Kâ€™ was not declared in this scope; did you mean â€˜[01m[Ktimex[m[Kâ€™?
   73 |         QTimer *[01;31m[Ktimer[m[K = new QTimer(this);
      |                 [01;31m[K^~~~~[m[K
      |                 [32m[Ktimex[m[K
[01m[K/home/sunny/ros2_ws/src/cpp_parsing/src/nmea_reader.cpp:73:29:[m[K [01;31m[Kerror: [m[Kexpected type-specifier before â€˜[01m[KQTimer[m[Kâ€™
   73 |         QTimer *timer = new [01;31m[KQTimer[m[K(this);
      |                             [01;31m[K^~~~~~[m[K
[01m[K/home/sunny/ros2_ws/src/cpp_parsing/src/nmea_reader.cpp:74:25:[m[K [01;31m[Kerror: [m[Kâ€˜[01m[KQTimer[m[Kâ€™ is not a class, namespace, or enumeration
   74 |         connect(timer, &[01;31m[KQTimer[m[K::timeout, [](){
      |                         [01;31m[K^~~~~~[m[K
[01m[K/home/sunny/ros2_ws/src/cpp_parsing/src/nmea_reader.cpp:[m[K In lambda function:
[01m[K/home/sunny/ros2_ws/src/cpp_parsing/src/nmea_reader.cpp:75:55:[m[K [01;31m[Kerror: [m[Kâ€˜[01m[Kthis[m[Kâ€™ was not captured for this lambda function
   75 |             rclcpp::spin_some(rclcpp::Node::SharedPtr([01;31m[Kreader[m[K));
      |                                                       [01;31m[K^~~~~~[m[K
[01m[K/home/sunny/ros2_ws/src/cpp_parsing/src/nmea_reader.cpp:75:55:[m[K [01;31m[Kerror: [m[Kinvalid use of non-static data member â€˜[01m[KRosQtApp::reader[m[Kâ€™
[01m[K/home/sunny/ros2_ws/src/cpp_parsing/src/nmea_reader.cpp:80:28:[m[K [01;36m[Knote: [m[Kdeclared here
   80 |     shared_ptr<NmeaReader> [01;36m[Kreader[m[K;
      |                            [01;36m[K^~~~~~[m[K
gmake[2]: *** [CMakeFiles/reader.dir/build.make:76: CMakeFiles/reader.dir/src/nmea_reader.cpp.o] Error 1
gmake[1]: *** [CMakeFiles/Makefile2:139: CMakeFiles/reader.dir/all] Error 2
gmake: *** [Makefile:146: all] Error 2
