[0.013s] Invoking command in '/home/sunny/ros2_ws/build/cpp_parsing': CMAKE_PREFIX_PATH=/home/sunny/ros2_ws/install/custom_interfaces:/home/sunny/ros2_ws/install/cpp_srvcli:/home/sunny/ros2_ws/install/cpp_pubsub:/home/sunny/ros2_ws/install/tutorial_interfaces:/home/sunny/ros2_ws/install/turtlesim:/home/sunny/ros2_ws/install/polygon_plugins:/home/sunny/ros2_ws/install/polygon_base:/home/sunny/ros2_ws/install/my_package:/home/sunny/ros2_ws/install/more_interfaces:/home/sunny/ros2_ws/install/cpp_parsing:/home/sunny/ros2_ws/install/cpp_proj:/home/sunny/ros2_ws/install/cpp_parameters:/home/sunny/ros2_ws/install/py_proj:/opt/ros/humble LD_LIBRARY_PATH=/home/sunny/ros2_ws/install/custom_interfaces/lib:/home/sunny/ros2_ws/install/tutorial_interfaces/lib:/home/sunny/ros2_ws/install/turtlesim/lib:/home/sunny/ros2_ws/install/polygon_plugins/lib:/home/sunny/ros2_ws/install/more_interfaces/lib:/opt/ros/humble/opt/rviz_ogre_vendor/lib:/opt/ros/humble/lib/x86_64-linux-gnu:/opt/ros/humble/lib /usr/bin/cmake --build /home/sunny/ros2_ws/build/cpp_parsing -- -j12 -l12
[0.055s] [35m[1mConsolidate compiler generated dependencies of target reader[0m
[0.068s] [ 50%] Built target parser
[0.092s] [ 75%] [32mBuilding CXX object CMakeFiles/reader.dir/src/nmea_reader.cpp.o[0m
[2.972s] [01m[K/home/sunny/ros2_ws/src/cpp_parsing/src/nmea_reader.cpp:[m[K In member function â€˜[01m[Kvoid RosQtApp::run()[m[Kâ€™:
[2.972s] [01m[K/home/sunny/ros2_ws/src/cpp_parsing/src/nmea_reader.cpp:73:9:[m[K [01;31m[Kerror: [m[Kâ€˜[01m[KQTimer[m[Kâ€™ was not declared in this scope; did you mean â€˜[01m[KQTime[m[Kâ€™?
[2.973s]    73 |         [01;31m[KQTimer[m[K *timer = new QTimer(this);
[2.973s]       |         [01;31m[K^~~~~~[m[K
[2.973s]       |         [32m[KQTime[m[K
[2.977s] [01m[K/home/sunny/ros2_ws/src/cpp_parsing/src/nmea_reader.cpp:73:17:[m[K [01;31m[Kerror: [m[Kâ€˜[01m[Ktimer[m[Kâ€™ was not declared in this scope; did you mean â€˜[01m[Ktimex[m[Kâ€™?
[2.978s]    73 |         QTimer *[01;31m[Ktimer[m[K = new QTimer(this);
[2.979s]       |                 [01;31m[K^~~~~[m[K
[2.980s]       |                 [32m[Ktimex[m[K
[2.982s] [01m[K/home/sunny/ros2_ws/src/cpp_parsing/src/nmea_reader.cpp:73:29:[m[K [01;31m[Kerror: [m[Kexpected type-specifier before â€˜[01m[KQTimer[m[Kâ€™
[2.983s]    73 |         QTimer *timer = new [01;31m[KQTimer[m[K(this);
[2.984s]       |                             [01;31m[K^~~~~~[m[K
[2.984s] [01m[K/home/sunny/ros2_ws/src/cpp_parsing/src/nmea_reader.cpp:74:25:[m[K [01;31m[Kerror: [m[Kâ€˜[01m[KQTimer[m[Kâ€™ is not a class, namespace, or enumeration
[2.984s]    74 |         connect(timer, &[01;31m[KQTimer[m[K::timeout, [](){
[2.984s]       |                         [01;31m[K^~~~~~[m[K
[2.984s] [01m[K/home/sunny/ros2_ws/src/cpp_parsing/src/nmea_reader.cpp:[m[K In lambda function:
[2.984s] [01m[K/home/sunny/ros2_ws/src/cpp_parsing/src/nmea_reader.cpp:75:55:[m[K [01;31m[Kerror: [m[Kâ€˜[01m[Kthis[m[Kâ€™ was not captured for this lambda function
[2.984s]    75 |             rclcpp::spin_some(rclcpp::Node::SharedPtr([01;31m[Kreader[m[K));
[2.984s]       |                                                       [01;31m[K^~~~~~[m[K
[2.985s] [01m[K/home/sunny/ros2_ws/src/cpp_parsing/src/nmea_reader.cpp:75:55:[m[K [01;31m[Kerror: [m[Kinvalid use of non-static data member â€˜[01m[KRosQtApp::reader[m[Kâ€™
[2.985s] [01m[K/home/sunny/ros2_ws/src/cpp_parsing/src/nmea_reader.cpp:80:28:[m[K [01;36m[Knote: [m[Kdeclared here
[2.985s]    80 |     shared_ptr<NmeaReader> [01;36m[Kreader[m[K;
[2.985s]       |                            [01;36m[K^~~~~~[m[K
[4.264s] gmake[2]: *** [CMakeFiles/reader.dir/build.make:76: CMakeFiles/reader.dir/src/nmea_reader.cpp.o] Error 1
[4.265s] gmake[1]: *** [CMakeFiles/Makefile2:139: CMakeFiles/reader.dir/all] Error 2
[4.265s] gmake: *** [Makefile:146: all] Error 2
[4.268s] Invoked command in '/home/sunny/ros2_ws/build/cpp_parsing' returned '2': CMAKE_PREFIX_PATH=/home/sunny/ros2_ws/install/custom_interfaces:/home/sunny/ros2_ws/install/cpp_srvcli:/home/sunny/ros2_ws/install/cpp_pubsub:/home/sunny/ros2_ws/install/tutorial_interfaces:/home/sunny/ros2_ws/install/turtlesim:/home/sunny/ros2_ws/install/polygon_plugins:/home/sunny/ros2_ws/install/polygon_base:/home/sunny/ros2_ws/install/my_package:/home/sunny/ros2_ws/install/more_interfaces:/home/sunny/ros2_ws/install/cpp_parsing:/home/sunny/ros2_ws/install/cpp_proj:/home/sunny/ros2_ws/install/cpp_parameters:/home/sunny/ros2_ws/install/py_proj:/opt/ros/humble LD_LIBRARY_PATH=/home/sunny/ros2_ws/install/custom_interfaces/lib:/home/sunny/ros2_ws/install/tutorial_interfaces/lib:/home/sunny/ros2_ws/install/turtlesim/lib:/home/sunny/ros2_ws/install/polygon_plugins/lib:/home/sunny/ros2_ws/install/more_interfaces/lib:/opt/ros/humble/opt/rviz_ogre_vendor/lib:/opt/ros/humble/lib/x86_64-linux-gnu:/opt/ros/humble/lib /usr/bin/cmake --build /home/sunny/ros2_ws/build/cpp_parsing -- -j12 -l12
